info: Microsoft.AspNetCore.DataProtection.KeyManagement.XmlKeyManager[0]
      User profile is available. Using 'C:\Users\ÆëÎÄ½Ü\AppData\Local\ASP.NET\DataProtection-Keys' as key repository and Windows DPAPI to encrypt keys at rest.
info: Microsoft.AspNetCore.Hosting.Internal.WebHost[1]
      Request starting HTTP/1.1 GET http://localhost:58935/  
info: Microsoft.AspNetCore.Routing.EndpointMiddleware[0]
      Executing endpoint 'Czar.Cms.Admin.Controllers.HomeController.Index (Czar.Cms.Admin)'
info: Microsoft.AspNetCore.Mvc.Internal.ControllerActionInvoker[3]
      Route matched with {action = "Index", controller = "Home"}. Executing controller action with signature Microsoft.AspNetCore.Mvc.IActionResult Index() on controller Czar.Cms.Admin.Controllers.HomeController (Czar.Cms.Admin).
Hosting environment: Development
Content root path: D:\Czar.Cms-master\src\Czar.Cms.Admin
Application started. Press Ctrl+C to shut down.
info: Microsoft.AspNetCore.Authorization.DefaultAuthorizationService[2]
      Authorization failed.
info: Microsoft.AspNetCore.Mvc.Internal.ControllerActionInvoker[3]
      Authorization failed for the request at filter 'Microsoft.AspNetCore.Mvc.Authorization.AuthorizeFilter'.
info: Microsoft.AspNetCore.Mvc.ChallengeResult[1]
      Executing ChallengeResult with authentication schemes ().
info: Microsoft.AspNetCore.Authentication.Cookies.CookieAuthenticationHandler[12]
      AuthenticationScheme: Cookies was challenged.
info: Microsoft.AspNetCore.Mvc.Internal.ControllerActionInvoker[2]
      Executed action Czar.Cms.Admin.Controllers.HomeController.Index (Czar.Cms.Admin) in 48.5336ms
info: Microsoft.AspNetCore.Routing.EndpointMiddleware[1]
      Executed endpoint 'Czar.Cms.Admin.Controllers.HomeController.Index (Czar.Cms.Admin)'
info: Microsoft.AspNetCore.Hosting.Internal.WebHost[1]
      Request starting HTTP/1.1 GET http://localhost:58935/Account/Index?ReturnUrl=%2F  
info: Microsoft.AspNetCore.Hosting.Internal.WebHost[2]
      Request finished in 289.8791ms 302 
info: Microsoft.AspNetCore.Routing.EndpointMiddleware[0]
      Executing endpoint 'Czar.Cms.Admin.Controllers.AccountController.Index (Czar.Cms.Admin)'
info: Microsoft.AspNetCore.Mvc.Internal.ControllerActionInvoker[3]
      Route matched with {action = "Index", controller = "Account"}. Executing controller action with signature Microsoft.AspNetCore.Mvc.IActionResult Index() on controller Czar.Cms.Admin.Controllers.AccountController (Czar.Cms.Admin).
info: Microsoft.AspNetCore.Mvc.Internal.ControllerActionInvoker[1]
      Executing action method Czar.Cms.Admin.Controllers.AccountController.Index (Czar.Cms.Admin) - Validation state: Valid
info: Microsoft.AspNetCore.Mvc.Internal.ControllerActionInvoker[2]
      Executed action method Czar.Cms.Admin.Controllers.AccountController.Index (Czar.Cms.Admin), returned result Microsoft.AspNetCore.Mvc.ViewResult in 0.8942ms.
info: Microsoft.AspNetCore.Mvc.ViewFeatures.ViewResultExecutor[1]
      Executing ViewResult, running view Index.
info: Microsoft.AspNetCore.Mvc.ViewFeatures.ViewResultExecutor[4]
      Executed ViewResult - view Index executed in 243.5692ms.
info: Microsoft.AspNetCore.Mvc.Internal.ControllerActionInvoker[2]
      Executed action Czar.Cms.Admin.Controllers.AccountController.Index (Czar.Cms.Admin) in 328.6841ms
info: Microsoft.AspNetCore.Routing.EndpointMiddleware[1]
      Executed endpoint 'Czar.Cms.Admin.Controllers.AccountController.Index (Czar.Cms.Admin)'
info: Microsoft.AspNetCore.Hosting.Internal.WebHost[2]
      Request finished in 402.0623ms 200 text/html; charset=utf-8
info: Microsoft.AspNetCore.Hosting.Internal.WebHost[1]
      Request starting HTTP/1.1 GET http://localhost:58935/images/userface1.jpg  
info: Microsoft.AspNetCore.Hosting.Internal.WebHost[1]
      Request starting HTTP/1.1 GET http://localhost:58935/js/login.js?_=20190713202157  
info: Microsoft.AspNetCore.Hosting.Internal.WebHost[1]
      Request starting HTTP/1.1 GET http://localhost:58935/Account/GetCaptchaImage  
info: Microsoft.AspNetCore.Routing.EndpointMiddleware[0]
      Executing endpoint 'Czar.Cms.Admin.Controllers.AccountController.GetCaptchaImage (Czar.Cms.Admin)'
info: Microsoft.AspNetCore.StaticFiles.StaticFileMiddleware[6]
      The file /images/userface1.jpg was not modified
info: Microsoft.AspNetCore.Mvc.Internal.ControllerActionInvoker[3]
      Route matched with {action = "GetCaptchaImage", controller = "Account"}. Executing controller action with signature Microsoft.AspNetCore.Mvc.IActionResult GetCaptchaImage() on controller Czar.Cms.Admin.Controllers.AccountController (Czar.Cms.Admin).
info: Microsoft.AspNetCore.Hosting.Internal.WebHost[2]
      Request finished in 59.9734ms 304 image/jpeg
info: Microsoft.AspNetCore.Mvc.Internal.ControllerActionInvoker[1]
      Executing action method Czar.Cms.Admin.Controllers.AccountController.GetCaptchaImage (Czar.Cms.Admin) - Validation state: Valid
info: Microsoft.AspNetCore.StaticFiles.StaticFileMiddleware[2]
      Sending file. Request path: '/js/login.js'. Physical path: 'D:\Czar.Cms-master\src\Czar.Cms.Admin\wwwroot\js\login.js'
info: Microsoft.AspNetCore.Hosting.Internal.WebHost[2]
      Request finished in 83.1346ms 200 application/javascript
info: Microsoft.AspNetCore.Mvc.Internal.ControllerActionInvoker[2]
      Executed action method Czar.Cms.Admin.Controllers.AccountController.GetCaptchaImage (Czar.Cms.Admin), returned result Microsoft.AspNetCore.Mvc.FileStreamResult in 371.9464ms.
info: Microsoft.AspNetCore.Mvc.Infrastructure.FileStreamResultExecutor[2]
      Executing Microsoft.AspNetCore.Mvc.FileStreamResult, sending file with download name '' ...
info: Microsoft.AspNetCore.Mvc.Internal.ControllerActionInvoker[2]
      Executed action Czar.Cms.Admin.Controllers.AccountController.GetCaptchaImage (Czar.Cms.Admin) in 465.1663ms
info: Microsoft.AspNetCore.Routing.EndpointMiddleware[1]
      Executed endpoint 'Czar.Cms.Admin.Controllers.AccountController.GetCaptchaImage (Czar.Cms.Admin)'
info: Microsoft.AspNetCore.Session.DistributedSession[3]
      Session started; Key:d4feae87-b4fb-c94d-f51f-214c1ffdc992, Id:704699c4-f1f0-9f03-c079-8c6143428741
info: Microsoft.AspNetCore.Hosting.Internal.WebHost[2]
      Request finished in 538.3288ms 200 image/png
info: Microsoft.AspNetCore.Hosting.Internal.WebHost[1]
      Request starting HTTP/1.1 GET http://localhost:58935/Account/GetCaptchaImage?1563020524571  
info: Microsoft.AspNetCore.Routing.EndpointMiddleware[0]
      Executing endpoint 'Czar.Cms.Admin.Controllers.AccountController.GetCaptchaImage (Czar.Cms.Admin)'
info: Microsoft.AspNetCore.Mvc.Internal.ControllerActionInvoker[3]
      Route matched with {action = "GetCaptchaImage", controller = "Account"}. Executing controller action with signature Microsoft.AspNetCore.Mvc.IActionResult GetCaptchaImage() on controller Czar.Cms.Admin.Controllers.AccountController (Czar.Cms.Admin).
info: Microsoft.AspNetCore.Mvc.Internal.ControllerActionInvoker[1]
      Executing action method Czar.Cms.Admin.Controllers.AccountController.GetCaptchaImage (Czar.Cms.Admin) - Validation state: Valid
info: Microsoft.AspNetCore.Mvc.Internal.ControllerActionInvoker[2]
      Executed action method Czar.Cms.Admin.Controllers.AccountController.GetCaptchaImage (Czar.Cms.Admin), returned result Microsoft.AspNetCore.Mvc.FileStreamResult in 7.342ms.
info: Microsoft.AspNetCore.Mvc.Infrastructure.FileStreamResultExecutor[2]
      Executing Microsoft.AspNetCore.Mvc.FileStreamResult, sending file with download name '' ...
info: Microsoft.AspNetCore.Mvc.Internal.ControllerActionInvoker[2]
      Executed action Czar.Cms.Admin.Controllers.AccountController.GetCaptchaImage (Czar.Cms.Admin) in 14.8036ms
info: Microsoft.AspNetCore.Routing.EndpointMiddleware[1]
      Executed endpoint 'Czar.Cms.Admin.Controllers.AccountController.GetCaptchaImage (Czar.Cms.Admin)'
info: Microsoft.AspNetCore.Hosting.Internal.WebHost[2]
      Request finished in 26.1853ms 200 image/png
info: Microsoft.AspNetCore.Hosting.Internal.WebHost[1]
      Request starting HTTP/1.1 POST http://localhost:58935/Account/SignIn/ application/x-www-form-urlencoded; charset=UTF-8 226
info: Microsoft.AspNetCore.Routing.EndpointMiddleware[0]
      Executing endpoint 'Czar.Cms.Admin.Controllers.AccountController.SignInAsync (Czar.Cms.Admin)'
info: Microsoft.AspNetCore.Mvc.Internal.ControllerActionInvoker[3]
      Route matched with {action = "SignInAsync", controller = "Account"}. Executing controller action with signature System.Threading.Tasks.Task`1[System.String] SignInAsync(Czar.Cms.ViewModels.LoginModel) on controller Czar.Cms.Admin.Controllers.AccountController (Czar.Cms.Admin).
info: Microsoft.AspNetCore.Mvc.Internal.ControllerActionInvoker[1]
      Executing action method Czar.Cms.Admin.Controllers.AccountController.SignInAsync (Czar.Cms.Admin) - Validation state: Valid
info: Microsoft.AspNetCore.Authentication.Cookies.CookieAuthenticationHandler[10]
      AuthenticationScheme: Cookies signed in.
info: Microsoft.AspNetCore.Mvc.Internal.ControllerActionInvoker[2]
      Executed action method Czar.Cms.Admin.Controllers.AccountController.SignInAsync (Czar.Cms.Admin), returned result Microsoft.AspNetCore.Mvc.ObjectResult in 168.7029ms.
info: Microsoft.AspNetCore.Mvc.Infrastructure.ObjectResultExecutor[1]
      Executing ObjectResult, writing value of type 'System.String'.
info: Microsoft.AspNetCore.Mvc.Internal.ControllerActionInvoker[2]
      Executed action Czar.Cms.Admin.Controllers.AccountController.SignInAsync (Czar.Cms.Admin) in 273.032ms
info: Microsoft.AspNetCore.Routing.EndpointMiddleware[1]
      Executed endpoint 'Czar.Cms.Admin.Controllers.AccountController.SignInAsync (Czar.Cms.Admin)'
info: Microsoft.AspNetCore.Hosting.Internal.WebHost[2]
      Request finished in 300.4143ms 200 text/plain; charset=utf-8
info: Microsoft.AspNetCore.Hosting.Internal.WebHost[1]
      Request starting HTTP/1.1 GET http://localhost:58935/  
info: Microsoft.AspNetCore.Routing.EndpointMiddleware[0]
      Executing endpoint 'Czar.Cms.Admin.Controllers.HomeController.Index (Czar.Cms.Admin)'
info: Microsoft.AspNetCore.Mvc.Internal.ControllerActionInvoker[3]
      Route matched with {action = "Index", controller = "Home"}. Executing controller action with signature Microsoft.AspNetCore.Mvc.IActionResult Index() on controller Czar.Cms.Admin.Controllers.HomeController (Czar.Cms.Admin).
info: Microsoft.AspNetCore.Authorization.DefaultAuthorizationService[1]
      Authorization was successful.
info: Microsoft.AspNetCore.Mvc.Internal.ControllerActionInvoker[1]
      Executing action method Czar.Cms.Admin.Controllers.HomeController.Index (Czar.Cms.Admin) - Validation state: Valid
info: Microsoft.AspNetCore.Mvc.Internal.ControllerActionInvoker[2]
      Executed action method Czar.Cms.Admin.Controllers.HomeController.Index (Czar.Cms.Admin), returned result Microsoft.AspNetCore.Mvc.ViewResult in 0.6912ms.
info: Microsoft.AspNetCore.Mvc.ViewFeatures.ViewResultExecutor[1]
      Executing ViewResult, running view Index.
info: Microsoft.AspNetCore.Mvc.ViewFeatures.ViewResultExecutor[4]
      Executed ViewResult - view Index executed in 19.1795ms.
info: Microsoft.AspNetCore.Mvc.Internal.ControllerActionInvoker[2]
      Executed action Czar.Cms.Admin.Controllers.HomeController.Index (Czar.Cms.Admin) in 31.5727ms
info: Microsoft.AspNetCore.Routing.EndpointMiddleware[1]
      Executed endpoint 'Czar.Cms.Admin.Controllers.HomeController.Index (Czar.Cms.Admin)'
info: Microsoft.AspNetCore.Hosting.Internal.WebHost[2]
      Request finished in 45.6249ms 200 text/html; charset=utf-8
info: Microsoft.AspNetCore.Hosting.Internal.WebHost[1]
      Request starting HTTP/1.1 GET http://localhost:58935/js/index.js?_=20190713202209  
info: Microsoft.AspNetCore.Hosting.Internal.WebHost[1]
      Request starting HTTP/1.1 GET http://localhost:58935/upload/20190312/201903122159059093173.jpg  
info: Microsoft.AspNetCore.Hosting.Internal.WebHost[1]
      Request starting HTTP/1.1 GET http://localhost:58935/js/cache.js?_=20190713202209  
info: Microsoft.AspNetCore.Hosting.Internal.WebHost[1]
      Request starting HTTP/1.1 GET http://localhost:58935/Home/Main/  
info: Microsoft.AspNetCore.Routing.EndpointMiddleware[0]
      Executing endpoint 'Czar.Cms.Admin.Controllers.HomeController.Main (Czar.Cms.Admin)'
info: Microsoft.AspNetCore.Hosting.Internal.WebHost[2]
      Request finished in 15.2103ms 404 
info: Microsoft.AspNetCore.Mvc.Internal.ControllerActionInvoker[3]
      Route matched with {action = "Main", controller = "Home"}. Executing controller action with signature Microsoft.AspNetCore.Mvc.IActionResult Main() on controller Czar.Cms.Admin.Controllers.HomeController (Czar.Cms.Admin).
info: Microsoft.AspNetCore.Authorization.DefaultAuthorizationService[1]
      Authorization was successful.
info: Microsoft.AspNetCore.Mvc.Internal.ControllerActionInvoker[1]
      Executing action method Czar.Cms.Admin.Controllers.HomeController.Main (Czar.Cms.Admin) - Validation state: Valid
info: Microsoft.AspNetCore.Mvc.Internal.ControllerActionInvoker[2]
      Executed action method Czar.Cms.Admin.Controllers.HomeController.Main (Czar.Cms.Admin), returned result Microsoft.AspNetCore.Mvc.ViewResult in 2.3369ms.
info: Microsoft.AspNetCore.StaticFiles.StaticFileMiddleware[2]
      Sending file. Request path: '/js/index.js'. Physical path: 'D:\Czar.Cms-master\src\Czar.Cms.Admin\wwwroot\js\index.js'
info: Microsoft.AspNetCore.StaticFiles.StaticFileMiddleware[2]
      Sending file. Request path: '/js/cache.js'. Physical path: 'D:\Czar.Cms-master\src\Czar.Cms.Admin\wwwroot\js\cache.js'
info: Microsoft.AspNetCore.Hosting.Internal.WebHost[2]
      Request finished in 51.2034ms 200 application/javascript
info: Microsoft.AspNetCore.Hosting.Internal.WebHost[2]
      Request finished in 45.0156ms 200 application/javascript
info: Microsoft.AspNetCore.Mvc.ViewFeatures.ViewResultExecutor[1]
      Executing ViewResult, running view Main.
info: Microsoft.AspNetCore.Mvc.ViewFeatures.ViewResultExecutor[4]
      Executed ViewResult - view Main executed in 49.0581ms.
info: Microsoft.AspNetCore.Mvc.Internal.ControllerActionInvoker[2]
      Executed action Czar.Cms.Admin.Controllers.HomeController.Main (Czar.Cms.Admin) in 64.3368ms
info: Microsoft.AspNetCore.Routing.EndpointMiddleware[1]
      Executed endpoint 'Czar.Cms.Admin.Controllers.HomeController.Main (Czar.Cms.Admin)'
info: Microsoft.AspNetCore.Hosting.Internal.WebHost[2]
      Request finished in 87.3773ms 200 text/html; charset=utf-8
info: Microsoft.AspNetCore.Hosting.Internal.WebHost[1]
      Request starting HTTP/1.1 GET http://localhost:58935/Home/GetMenu/  
info: Microsoft.AspNetCore.Routing.EndpointMiddleware[0]
      Executing endpoint 'Czar.Cms.Admin.Controllers.HomeController.GetMenu (Czar.Cms.Admin)'
info: Microsoft.AspNetCore.Mvc.Internal.ControllerActionInvoker[3]
      Route matched with {action = "GetMenu", controller = "Home"}. Executing controller action with signature System.String GetMenu() on controller Czar.Cms.Admin.Controllers.HomeController (Czar.Cms.Admin).
info: Microsoft.AspNetCore.Authorization.DefaultAuthorizationService[1]
      Authorization was successful.
info: Microsoft.AspNetCore.Mvc.Internal.ControllerActionInvoker[1]
      Executing action method Czar.Cms.Admin.Controllers.HomeController.GetMenu (Czar.Cms.Admin) - Validation state: Valid
info: Microsoft.AspNetCore.Mvc.Internal.ControllerActionInvoker[2]
      Executed action method Czar.Cms.Admin.Controllers.HomeController.GetMenu (Czar.Cms.Admin), returned result Microsoft.AspNetCore.Mvc.ObjectResult in 38.3158ms.
info: Microsoft.AspNetCore.Mvc.Infrastructure.ObjectResultExecutor[1]
      Executing ObjectResult, writing value of type 'System.String'.
info: Microsoft.AspNetCore.Mvc.Internal.ControllerActionInvoker[2]
      Executed action Czar.Cms.Admin.Controllers.HomeController.GetMenu (Czar.Cms.Admin) in 50.9292ms
info: Microsoft.AspNetCore.Routing.EndpointMiddleware[1]
      Executed endpoint 'Czar.Cms.Admin.Controllers.HomeController.GetMenu (Czar.Cms.Admin)'
info: Microsoft.AspNetCore.Hosting.Internal.WebHost[2]
      Request finished in 69.0233ms 200 text/plain; charset=utf-8
info: Microsoft.AspNetCore.Hosting.Internal.WebHost[1]
      Request starting HTTP/1.1 GET http://localhost:58935/Manager/Index  
info: Microsoft.AspNetCore.Routing.EndpointMiddleware[0]
      Executing endpoint 'Czar.Cms.Admin.Controllers.ManagerController.Index (Czar.Cms.Admin)'
info: Microsoft.AspNetCore.Mvc.Internal.ControllerActionInvoker[3]
      Route matched with {action = "Index", controller = "Manager"}. Executing controller action with signature Microsoft.AspNetCore.Mvc.IActionResult Index() on controller Czar.Cms.Admin.Controllers.ManagerController (Czar.Cms.Admin).
info: Microsoft.AspNetCore.Authorization.DefaultAuthorizationService[1]
      Authorization was successful.
info: Microsoft.AspNetCore.Mvc.Internal.ControllerActionInvoker[1]
      Executing action method Czar.Cms.Admin.Controllers.ManagerController.Index (Czar.Cms.Admin) - Validation state: Valid
info: Microsoft.AspNetCore.Mvc.Internal.ControllerActionInvoker[2]
      Executed action method Czar.Cms.Admin.Controllers.ManagerController.Index (Czar.Cms.Admin), returned result Microsoft.AspNetCore.Mvc.ViewResult in 0.1809ms.
info: Microsoft.AspNetCore.Mvc.ViewFeatures.ViewResultExecutor[1]
      Executing ViewResult, running view Index.
info: Microsoft.AspNetCore.Mvc.ViewFeatures.ViewResultExecutor[4]
      Executed ViewResult - view Index executed in 13.1436ms.
info: Microsoft.AspNetCore.Mvc.Internal.ControllerActionInvoker[2]
      Executed action Czar.Cms.Admin.Controllers.ManagerController.Index (Czar.Cms.Admin) in 40.9309ms
info: Microsoft.AspNetCore.Routing.EndpointMiddleware[1]
      Executed endpoint 'Czar.Cms.Admin.Controllers.ManagerController.Index (Czar.Cms.Admin)'
info: Microsoft.AspNetCore.Hosting.Internal.WebHost[2]
      Request finished in 58.1802ms 200 text/html; charset=utf-8
info: Microsoft.AspNetCore.Hosting.Internal.WebHost[1]
      Request starting HTTP/1.1 GET http://localhost:58935/js/manager/managerList.js?_=20190713202212  
info: Microsoft.AspNetCore.StaticFiles.StaticFileMiddleware[2]
      Sending file. Request path: '/js/manager/managerList.js'. Physical path: 'D:\Czar.Cms-master\src\Czar.Cms.Admin\wwwroot\js\manager\managerList.js'
info: Microsoft.AspNetCore.Hosting.Internal.WebHost[2]
      Request finished in 7.8045ms 200 application/javascript
info: Microsoft.AspNetCore.Hosting.Internal.WebHost[1]
      Request starting HTTP/1.1 GET http://localhost:58935/layui/lay/modules/table.js  
info: Microsoft.AspNetCore.StaticFiles.StaticFileMiddleware[2]
      Sending file. Request path: '/layui/lay/modules/table.js'. Physical path: 'D:\Czar.Cms-master\src\Czar.Cms.Admin\wwwroot\layui\lay\modules\table.js'
info: Microsoft.AspNetCore.Hosting.Internal.WebHost[2]
      Request finished in 38.2043ms 200 application/javascript
info: Microsoft.AspNetCore.Hosting.Internal.WebHost[1]
      Request starting HTTP/1.1 GET http://localhost:58935/layui/lay/modules/laytpl.js  
info: Microsoft.AspNetCore.StaticFiles.StaticFileMiddleware[2]
      Sending file. Request path: '/layui/lay/modules/laytpl.js'. Physical path: 'D:\Czar.Cms-master\src\Czar.Cms.Admin\wwwroot\layui\lay\modules\laytpl.js'
info: Microsoft.AspNetCore.Hosting.Internal.WebHost[2]
      Request finished in 25.4964ms 200 application/javascript
info: Microsoft.AspNetCore.Hosting.Internal.WebHost[1]
      Request starting HTTP/1.1 GET http://localhost:58935/layui/lay/modules/laypage.js  
info: Microsoft.AspNetCore.StaticFiles.StaticFileMiddleware[2]
      Sending file. Request path: '/layui/lay/modules/laypage.js'. Physical path: 'D:\Czar.Cms-master\src\Czar.Cms.Admin\wwwroot\layui\lay\modules\laypage.js'
info: Microsoft.AspNetCore.Hosting.Internal.WebHost[2]
      Request finished in 24.3262ms 200 application/javascript
info: Microsoft.AspNetCore.Hosting.Internal.WebHost[1]
      Request starting HTTP/1.1 GET http://localhost:58935/Manager/LoadData/?page=1&limit=10  
info: Microsoft.AspNetCore.Routing.EndpointMiddleware[0]
      Executing endpoint 'Czar.Cms.Admin.Controllers.ManagerController.LoadData (Czar.Cms.Admin)'
info: Microsoft.AspNetCore.Mvc.Internal.ControllerActionInvoker[3]
      Route matched with {action = "LoadData", controller = "Manager"}. Executing controller action with signature System.Threading.Tasks.Task`1[System.String] LoadData(Czar.Cms.ViewModels.ManagerRequestModel) on controller Czar.Cms.Admin.Controllers.ManagerController (Czar.Cms.Admin).
info: Microsoft.AspNetCore.Authorization.DefaultAuthorizationService[1]
      Authorization was successful.
info: Microsoft.AspNetCore.Mvc.Internal.ControllerActionInvoker[1]
      Executing action method Czar.Cms.Admin.Controllers.ManagerController.LoadData (Czar.Cms.Admin) - Validation state: Valid
info: Microsoft.AspNetCore.Mvc.Internal.ControllerActionInvoker[2]
      Executed action method Czar.Cms.Admin.Controllers.ManagerController.LoadData (Czar.Cms.Admin), returned result Microsoft.AspNetCore.Mvc.ObjectResult in 3501.1571ms.
info: Microsoft.AspNetCore.Mvc.Infrastructure.ObjectResultExecutor[1]
      Executing ObjectResult, writing value of type 'System.String'.
info: Microsoft.AspNetCore.Mvc.Internal.ControllerActionInvoker[2]
      Executed action Czar.Cms.Admin.Controllers.ManagerController.LoadData (Czar.Cms.Admin) in 3512.7209ms
info: Microsoft.AspNetCore.Routing.EndpointMiddleware[1]
      Executed endpoint 'Czar.Cms.Admin.Controllers.ManagerController.LoadData (Czar.Cms.Admin)'
info: Microsoft.AspNetCore.Hosting.Internal.WebHost[2]
      Request finished in 3530.3365ms 200 text/plain; charset=utf-8
info: Microsoft.AspNetCore.Hosting.Internal.WebHost[1]
      Request starting HTTP/1.1 GET http://localhost:58935/layui/css/modules/layer/default/loading-1.gif  
info: Microsoft.AspNetCore.Hosting.Internal.WebHost[1]
      Request starting HTTP/1.1 GET http://localhost:58935/Manager/AddOrModify/  
info: Microsoft.AspNetCore.Routing.EndpointMiddleware[0]
      Executing endpoint 'Czar.Cms.Admin.Controllers.ManagerController.AddOrModify (Czar.Cms.Admin)'
info: Microsoft.AspNetCore.StaticFiles.StaticFileMiddleware[2]
      Sending file. Request path: '/layui/css/modules/layer/default/loading-1.gif'. Physical path: 'D:\Czar.Cms-master\src\Czar.Cms.Admin\wwwroot\layui\css\modules\layer\default\loading-1.gif'
info: Microsoft.AspNetCore.Hosting.Internal.WebHost[2]
      Request finished in 9.7234ms 200 image/gif
info: Microsoft.AspNetCore.Mvc.Internal.ControllerActionInvoker[3]
      Route matched with {action = "AddOrModify", controller = "Manager"}. Executing controller action with signature Microsoft.AspNetCore.Mvc.IActionResult AddOrModify() on controller Czar.Cms.Admin.Controllers.ManagerController (Czar.Cms.Admin).
info: Microsoft.AspNetCore.Authorization.DefaultAuthorizationService[1]
      Authorization was successful.
info: Microsoft.AspNetCore.Mvc.Internal.ControllerActionInvoker[1]
      Executing action method Czar.Cms.Admin.Controllers.ManagerController.AddOrModify (Czar.Cms.Admin) - Validation state: Valid
info: Microsoft.AspNetCore.Mvc.Internal.ControllerActionInvoker[2]
      Executed action method Czar.Cms.Admin.Controllers.ManagerController.AddOrModify (Czar.Cms.Admin), returned result Microsoft.AspNetCore.Mvc.ViewResult in 7.808ms.
info: Microsoft.AspNetCore.Mvc.ViewFeatures.ViewResultExecutor[1]
      Executing ViewResult, running view AddOrModify.
info: Microsoft.AspNetCore.Mvc.ViewFeatures.ViewResultExecutor[4]
      Executed ViewResult - view AddOrModify executed in 29.5628ms.
info: Microsoft.AspNetCore.Mvc.Internal.ControllerActionInvoker[2]
      Executed action Czar.Cms.Admin.Controllers.ManagerController.AddOrModify (Czar.Cms.Admin) in 47.9112ms
info: Microsoft.AspNetCore.Routing.EndpointMiddleware[1]
      Executed endpoint 'Czar.Cms.Admin.Controllers.ManagerController.AddOrModify (Czar.Cms.Admin)'
info: Microsoft.AspNetCore.Hosting.Internal.WebHost[2]
      Request finished in 64.9722ms 200 text/html; charset=utf-8
info: Microsoft.AspNetCore.Hosting.Internal.WebHost[1]
      Request starting HTTP/1.1 GET http://localhost:58935/js/manager/managerAdd.js?_=20190713202218  
info: Microsoft.AspNetCore.StaticFiles.StaticFileMiddleware[2]
      Sending file. Request path: '/js/manager/managerAdd.js'. Physical path: 'D:\Czar.Cms-master\src\Czar.Cms.Admin\wwwroot\js\manager\managerAdd.js'
info: Microsoft.AspNetCore.Hosting.Internal.WebHost[2]
      Request finished in 13.0759ms 200 application/javascript
info: Microsoft.AspNetCore.Hosting.Internal.WebHost[1]
      Request starting HTTP/1.1 POST http://localhost:58935/Manager/AddOrModify/ application/x-www-form-urlencoded; charset=UTF-8 127
info: Microsoft.AspNetCore.Routing.EndpointMiddleware[0]
      Executing endpoint 'Czar.Cms.Admin.Controllers.ManagerController.AddOrModifyAsync (Czar.Cms.Admin)'
info: Microsoft.AspNetCore.Mvc.Internal.ControllerActionInvoker[3]
      Route matched with {action = "AddOrModifyAsync", controller = "Manager"}. Executing controller action with signature System.Threading.Tasks.Task`1[System.String] AddOrModifyAsync(Czar.Cms.ViewModels.ManagerAddOrModifyModel) on controller Czar.Cms.Admin.Controllers.ManagerController (Czar.Cms.Admin).
info: Microsoft.AspNetCore.Authorization.DefaultAuthorizationService[1]
      Authorization was successful.
info: Microsoft.AspNetCore.Mvc.Internal.ControllerActionInvoker[1]
      Executing action method Czar.Cms.Admin.Controllers.ManagerController.AddOrModifyAsync (Czar.Cms.Admin) - Validation state: Valid
info: Microsoft.AspNetCore.Mvc.Internal.ControllerActionInvoker[2]
      Executed action method Czar.Cms.Admin.Controllers.ManagerController.AddOrModifyAsync (Czar.Cms.Admin), returned result Microsoft.AspNetCore.Mvc.ObjectResult in 2941.0892ms.
info: Microsoft.AspNetCore.Mvc.Infrastructure.ObjectResultExecutor[1]
      Executing ObjectResult, writing value of type 'System.String'.
info: Microsoft.AspNetCore.Mvc.Internal.ControllerActionInvoker[2]
      Executed action Czar.Cms.Admin.Controllers.ManagerController.AddOrModifyAsync (Czar.Cms.Admin) in 2969.2822ms
info: Microsoft.AspNetCore.Routing.EndpointMiddleware[1]
      Executed endpoint 'Czar.Cms.Admin.Controllers.ManagerController.AddOrModifyAsync (Czar.Cms.Admin)'
info: Microsoft.AspNetCore.Hosting.Internal.WebHost[2]
      Request finished in 2987.1391ms 200 text/plain; charset=utf-8
info: Microsoft.AspNetCore.Hosting.Internal.WebHost[1]
      Request starting HTTP/1.1 GET http://localhost:58935/Manager/Index  
info: Microsoft.AspNetCore.Routing.EndpointMiddleware[0]
      Executing endpoint 'Czar.Cms.Admin.Controllers.ManagerController.Index (Czar.Cms.Admin)'
info: Microsoft.AspNetCore.Mvc.Internal.ControllerActionInvoker[3]
      Route matched with {action = "Index", controller = "Manager"}. Executing controller action with signature Microsoft.AspNetCore.Mvc.IActionResult Index() on controller Czar.Cms.Admin.Controllers.ManagerController (Czar.Cms.Admin).
info: Microsoft.AspNetCore.Authorization.DefaultAuthorizationService[1]
      Authorization was successful.
info: Microsoft.AspNetCore.Mvc.Internal.ControllerActionInvoker[1]
      Executing action method Czar.Cms.Admin.Controllers.ManagerController.Index (Czar.Cms.Admin) - Validation state: Valid
info: Microsoft.AspNetCore.Mvc.Internal.ControllerActionInvoker[2]
      Executed action method Czar.Cms.Admin.Controllers.ManagerController.Index (Czar.Cms.Admin), returned result Microsoft.AspNetCore.Mvc.ViewResult in 0.0153ms.
info: Microsoft.AspNetCore.Mvc.ViewFeatures.ViewResultExecutor[1]
      Executing ViewResult, running view Index.
info: Microsoft.AspNetCore.Mvc.ViewFeatures.ViewResultExecutor[4]
      Executed ViewResult - view Index executed in 2.1475ms.
info: Microsoft.AspNetCore.Mvc.Internal.ControllerActionInvoker[2]
      Executed action Czar.Cms.Admin.Controllers.ManagerController.Index (Czar.Cms.Admin) in 9.2763ms
info: Microsoft.AspNetCore.Routing.EndpointMiddleware[1]
      Executed endpoint 'Czar.Cms.Admin.Controllers.ManagerController.Index (Czar.Cms.Admin)'
info: Microsoft.AspNetCore.Hosting.Internal.WebHost[2]
      Request finished in 21.1706ms 200 text/html; charset=utf-8
info: Microsoft.AspNetCore.Hosting.Internal.WebHost[1]
      Request starting HTTP/1.1 GET http://localhost:58935/js/manager/managerList.js?_=20190713202234  
info: Microsoft.AspNetCore.StaticFiles.StaticFileMiddleware[2]
      Sending file. Request path: '/js/manager/managerList.js'. Physical path: 'D:\Czar.Cms-master\src\Czar.Cms.Admin\wwwroot\js\manager\managerList.js'
info: Microsoft.AspNetCore.Hosting.Internal.WebHost[2]
      Request finished in 5.8498ms 200 application/javascript
info: Microsoft.AspNetCore.Hosting.Internal.WebHost[1]
      Request starting HTTP/1.1 GET http://localhost:58935/Manager/LoadData/?page=1&limit=10  
info: Microsoft.AspNetCore.Routing.EndpointMiddleware[0]
      Executing endpoint 'Czar.Cms.Admin.Controllers.ManagerController.LoadData (Czar.Cms.Admin)'
info: Microsoft.AspNetCore.Mvc.Internal.ControllerActionInvoker[3]
      Route matched with {action = "LoadData", controller = "Manager"}. Executing controller action with signature System.Threading.Tasks.Task`1[System.String] LoadData(Czar.Cms.ViewModels.ManagerRequestModel) on controller Czar.Cms.Admin.Controllers.ManagerController (Czar.Cms.Admin).
info: Microsoft.AspNetCore.Authorization.DefaultAuthorizationService[1]
      Authorization was successful.
info: Microsoft.AspNetCore.Mvc.Internal.ControllerActionInvoker[1]
      Executing action method Czar.Cms.Admin.Controllers.ManagerController.LoadData (Czar.Cms.Admin) - Validation state: Valid
info: Microsoft.AspNetCore.Mvc.Internal.ControllerActionInvoker[2]
      Executed action method Czar.Cms.Admin.Controllers.ManagerController.LoadData (Czar.Cms.Admin), returned result Microsoft.AspNetCore.Mvc.ObjectResult in 2.2232ms.
info: Microsoft.AspNetCore.Mvc.Infrastructure.ObjectResultExecutor[1]
      Executing ObjectResult, writing value of type 'System.String'.
info: Microsoft.AspNetCore.Mvc.Internal.ControllerActionInvoker[2]
      Executed action Czar.Cms.Admin.Controllers.ManagerController.LoadData (Czar.Cms.Admin) in 9.39ms
info: Microsoft.AspNetCore.Routing.EndpointMiddleware[1]
      Executed endpoint 'Czar.Cms.Admin.Controllers.ManagerController.LoadData (Czar.Cms.Admin)'
info: Microsoft.AspNetCore.Hosting.Internal.WebHost[2]
      Request finished in 21.0682ms 200 text/plain; charset=utf-8
