info: Microsoft.AspNetCore.DataProtection.KeyManagement.XmlKeyManager[0]
      User profile is available. Using 'C:\Users\ÆëÎÄ½Ü\AppData\Local\ASP.NET\DataProtection-Keys' as key repository and Windows DPAPI to encrypt keys at rest.
info: Microsoft.AspNetCore.Hosting.Internal.WebHost[1]
      Request starting HTTP/1.1 GET http://localhost:58935/  
info: Microsoft.AspNetCore.Routing.EndpointMiddleware[0]
      Executing endpoint 'Czar.Cms.Admin.Controllers.HomeController.Index (Czar.Cms.Admin)'
info: Microsoft.AspNetCore.Mvc.Internal.ControllerActionInvoker[3]
      Route matched with {action = "Index", controller = "Home"}. Executing controller action with signature Microsoft.AspNetCore.Mvc.IActionResult Index() on controller Czar.Cms.Admin.Controllers.HomeController (Czar.Cms.Admin).
info: Microsoft.AspNetCore.Authorization.DefaultAuthorizationService[2]
      Authorization failed.
info: Microsoft.AspNetCore.Mvc.Internal.ControllerActionInvoker[3]
      Authorization failed for the request at filter 'Microsoft.AspNetCore.Mvc.Authorization.AuthorizeFilter'.
Hosting environment: Development
Content root path: D:\Czar.Cms-master\src\Czar.Cms.Admin
Application started. Press Ctrl+C to shut down.
info: Microsoft.AspNetCore.Mvc.ChallengeResult[1]
      Executing ChallengeResult with authentication schemes ().
info: Microsoft.AspNetCore.Authentication.Cookies.CookieAuthenticationHandler[12]
      AuthenticationScheme: Cookies was challenged.
info: Microsoft.AspNetCore.Mvc.Internal.ControllerActionInvoker[2]
      Executed action Czar.Cms.Admin.Controllers.HomeController.Index (Czar.Cms.Admin) in 30.6232ms
info: Microsoft.AspNetCore.Routing.EndpointMiddleware[1]
      Executed endpoint 'Czar.Cms.Admin.Controllers.HomeController.Index (Czar.Cms.Admin)'
info: Microsoft.AspNetCore.Hosting.Internal.WebHost[1]
      Request starting HTTP/1.1 GET http://localhost:58935/Account/Index?ReturnUrl=%2F  
info: Microsoft.AspNetCore.Hosting.Internal.WebHost[2]
      Request finished in 156.1913ms 302 
info: Microsoft.AspNetCore.Routing.EndpointMiddleware[0]
      Executing endpoint 'Czar.Cms.Admin.Controllers.AccountController.Index (Czar.Cms.Admin)'
info: Microsoft.AspNetCore.Mvc.Internal.ControllerActionInvoker[3]
      Route matched with {action = "Index", controller = "Account"}. Executing controller action with signature Microsoft.AspNetCore.Mvc.IActionResult Index() on controller Czar.Cms.Admin.Controllers.AccountController (Czar.Cms.Admin).
info: Microsoft.AspNetCore.Mvc.Internal.ControllerActionInvoker[1]
      Executing action method Czar.Cms.Admin.Controllers.AccountController.Index (Czar.Cms.Admin) - Validation state: Valid
info: Microsoft.AspNetCore.Mvc.Internal.ControllerActionInvoker[2]
      Executed action method Czar.Cms.Admin.Controllers.AccountController.Index (Czar.Cms.Admin), returned result Microsoft.AspNetCore.Mvc.ViewResult in 0.4972ms.
info: Microsoft.AspNetCore.Mvc.ViewFeatures.ViewResultExecutor[1]
      Executing ViewResult, running view Index.
info: Microsoft.AspNetCore.Mvc.ViewFeatures.ViewResultExecutor[4]
      Executed ViewResult - view Index executed in 118.9814ms.
info: Microsoft.AspNetCore.Mvc.Internal.ControllerActionInvoker[2]
      Executed action Czar.Cms.Admin.Controllers.AccountController.Index (Czar.Cms.Admin) in 4060.2726ms
info: Microsoft.AspNetCore.Routing.EndpointMiddleware[1]
      Executed endpoint 'Czar.Cms.Admin.Controllers.AccountController.Index (Czar.Cms.Admin)'
info: Microsoft.AspNetCore.Hosting.Internal.WebHost[2]
      Request finished in 4119.0673ms 200 text/html; charset=utf-8
info: Microsoft.AspNetCore.Hosting.Internal.WebHost[1]
      Request starting HTTP/1.1 GET http://localhost:58935/js/login.js?_=20190713155407  
info: Microsoft.AspNetCore.Hosting.Internal.WebHost[1]
      Request starting HTTP/1.1 GET http://localhost:58935/Account/GetCaptchaImage  
info: Microsoft.AspNetCore.Routing.EndpointMiddleware[0]
      Executing endpoint 'Czar.Cms.Admin.Controllers.AccountController.GetCaptchaImage (Czar.Cms.Admin)'
info: Microsoft.AspNetCore.Mvc.Internal.ControllerActionInvoker[3]
      Route matched with {action = "GetCaptchaImage", controller = "Account"}. Executing controller action with signature Microsoft.AspNetCore.Mvc.IActionResult GetCaptchaImage() on controller Czar.Cms.Admin.Controllers.AccountController (Czar.Cms.Admin).
info: Microsoft.AspNetCore.Mvc.Internal.ControllerActionInvoker[1]
      Executing action method Czar.Cms.Admin.Controllers.AccountController.GetCaptchaImage (Czar.Cms.Admin) - Validation state: Valid
info: Microsoft.AspNetCore.StaticFiles.StaticFileMiddleware[2]
      Sending file. Request path: '/js/login.js'. Physical path: 'D:\Czar.Cms-master\src\Czar.Cms.Admin\wwwroot\js\login.js'
info: Microsoft.AspNetCore.Hosting.Internal.WebHost[2]
      Request finished in 6060.7658ms 200 application/javascript
info: Microsoft.AspNetCore.Mvc.Internal.ControllerActionInvoker[2]
      Executed action method Czar.Cms.Admin.Controllers.AccountController.GetCaptchaImage (Czar.Cms.Admin), returned result Microsoft.AspNetCore.Mvc.FileStreamResult in 120.419ms.
info: Microsoft.AspNetCore.Mvc.Infrastructure.FileStreamResultExecutor[2]
      Executing Microsoft.AspNetCore.Mvc.FileStreamResult, sending file with download name '' ...
info: Microsoft.AspNetCore.Mvc.Internal.ControllerActionInvoker[2]
      Executed action Czar.Cms.Admin.Controllers.AccountController.GetCaptchaImage (Czar.Cms.Admin) in 6163.8468ms
info: Microsoft.AspNetCore.Routing.EndpointMiddleware[1]
      Executed endpoint 'Czar.Cms.Admin.Controllers.AccountController.GetCaptchaImage (Czar.Cms.Admin)'
info: Microsoft.AspNetCore.Session.DistributedSession[3]
      Session started; Key:7a0e3ee2-b8ae-16f6-5c20-996ed4ef0ae6, Id:84233997-5e60-6610-9b95-22b8df477f6f
info: Microsoft.AspNetCore.Hosting.Internal.WebHost[2]
      Request finished in 6185.48ms 200 image/png
info: Microsoft.AspNetCore.Hosting.Internal.WebHost[1]
      Request starting HTTP/1.1 GET http://localhost:58935/Account/GetCaptchaImage?1563004460889  
info: Microsoft.AspNetCore.Routing.EndpointMiddleware[0]
      Executing endpoint 'Czar.Cms.Admin.Controllers.AccountController.GetCaptchaImage (Czar.Cms.Admin)'
info: Microsoft.AspNetCore.Mvc.Internal.ControllerActionInvoker[3]
      Route matched with {action = "GetCaptchaImage", controller = "Account"}. Executing controller action with signature Microsoft.AspNetCore.Mvc.IActionResult GetCaptchaImage() on controller Czar.Cms.Admin.Controllers.AccountController (Czar.Cms.Admin).
info: Microsoft.AspNetCore.Mvc.Internal.ControllerActionInvoker[1]
      Executing action method Czar.Cms.Admin.Controllers.AccountController.GetCaptchaImage (Czar.Cms.Admin) - Validation state: Valid
info: Microsoft.AspNetCore.Mvc.Internal.ControllerActionInvoker[2]
      Executed action method Czar.Cms.Admin.Controllers.AccountController.GetCaptchaImage (Czar.Cms.Admin), returned result Microsoft.AspNetCore.Mvc.FileStreamResult in 1.2458ms.
info: Microsoft.AspNetCore.Mvc.Infrastructure.FileStreamResultExecutor[2]
      Executing Microsoft.AspNetCore.Mvc.FileStreamResult, sending file with download name '' ...
info: Microsoft.AspNetCore.Mvc.Internal.ControllerActionInvoker[2]
      Executed action Czar.Cms.Admin.Controllers.AccountController.GetCaptchaImage (Czar.Cms.Admin) in 11.9096ms
info: Microsoft.AspNetCore.Routing.EndpointMiddleware[1]
      Executed endpoint 'Czar.Cms.Admin.Controllers.AccountController.GetCaptchaImage (Czar.Cms.Admin)'
info: Microsoft.AspNetCore.Hosting.Internal.WebHost[2]
      Request finished in 22.14ms 200 image/png
info: Microsoft.AspNetCore.Hosting.Internal.WebHost[1]
      Request starting HTTP/1.1 POST http://localhost:58935/Account/SignIn/ application/x-www-form-urlencoded; charset=UTF-8 229
info: Microsoft.AspNetCore.Routing.EndpointMiddleware[0]
      Executing endpoint 'Czar.Cms.Admin.Controllers.AccountController.SignInAsync (Czar.Cms.Admin)'
info: Microsoft.AspNetCore.Mvc.Internal.ControllerActionInvoker[3]
      Route matched with {action = "SignInAsync", controller = "Account"}. Executing controller action with signature System.Threading.Tasks.Task`1[System.String] SignInAsync(Czar.Cms.ViewModels.LoginModel) on controller Czar.Cms.Admin.Controllers.AccountController (Czar.Cms.Admin).
info: Microsoft.AspNetCore.Mvc.Internal.ControllerActionInvoker[1]
      Executing action method Czar.Cms.Admin.Controllers.AccountController.SignInAsync (Czar.Cms.Admin) - Validation state: Valid
