info: Microsoft.AspNetCore.DataProtection.KeyManagement.XmlKeyManager[0]
      User profile is available. Using 'C:\Users\ÆëÎÄ½Ü\AppData\Local\ASP.NET\DataProtection-Keys' as key repository and Windows DPAPI to encrypt keys at rest.
info: Microsoft.AspNetCore.Hosting.Internal.WebHost[1]
      Request starting HTTP/1.1 GET http://localhost:58935/  
info: Microsoft.AspNetCore.Routing.EndpointMiddleware[0]
      Executing endpoint 'Czar.Cms.Admin.Controllers.HomeController.Index (Czar.Cms.Admin)'
info: Microsoft.AspNetCore.Mvc.Internal.ControllerActionInvoker[3]
      Route matched with {action = "Index", controller = "Home"}. Executing controller action with signature Microsoft.AspNetCore.Mvc.IActionResult Index() on controller Czar.Cms.Admin.Controllers.HomeController (Czar.Cms.Admin).
Hosting environment: Development
Content root path: D:\Czar.Cms-master\src\Czar.Cms.Admin
Application started. Press Ctrl+C to shut down.
info: Microsoft.AspNetCore.Authorization.DefaultAuthorizationService[2]
      Authorization failed.
info: Microsoft.AspNetCore.Mvc.Internal.ControllerActionInvoker[3]
      Authorization failed for the request at filter 'Microsoft.AspNetCore.Mvc.Authorization.AuthorizeFilter'.
info: Microsoft.AspNetCore.Mvc.ChallengeResult[1]
      Executing ChallengeResult with authentication schemes ().
info: Microsoft.AspNetCore.Authentication.Cookies.CookieAuthenticationHandler[12]
      AuthenticationScheme: Cookies was challenged.
info: Microsoft.AspNetCore.Mvc.Internal.ControllerActionInvoker[2]
      Executed action Czar.Cms.Admin.Controllers.HomeController.Index (Czar.Cms.Admin) in 40.9708ms
info: Microsoft.AspNetCore.Routing.EndpointMiddleware[1]
      Executed endpoint 'Czar.Cms.Admin.Controllers.HomeController.Index (Czar.Cms.Admin)'
info: Microsoft.AspNetCore.Hosting.Internal.WebHost[1]
      Request starting HTTP/1.1 GET http://localhost:58935/Account/Index?ReturnUrl=%2F  
info: Microsoft.AspNetCore.Hosting.Internal.WebHost[2]
      Request finished in 269.572ms 302 
info: Microsoft.AspNetCore.Routing.EndpointMiddleware[0]
      Executing endpoint 'Czar.Cms.Admin.Controllers.AccountController.Index (Czar.Cms.Admin)'
info: Microsoft.AspNetCore.Mvc.Internal.ControllerActionInvoker[3]
      Route matched with {action = "Index", controller = "Account"}. Executing controller action with signature Microsoft.AspNetCore.Mvc.IActionResult Index() on controller Czar.Cms.Admin.Controllers.AccountController (Czar.Cms.Admin).
info: Microsoft.AspNetCore.Mvc.Internal.ControllerActionInvoker[1]
      Executing action method Czar.Cms.Admin.Controllers.AccountController.Index (Czar.Cms.Admin) - Validation state: Valid
info: Microsoft.AspNetCore.Mvc.Internal.ControllerActionInvoker[2]
      Executed action method Czar.Cms.Admin.Controllers.AccountController.Index (Czar.Cms.Admin), returned result Microsoft.AspNetCore.Mvc.ViewResult in 0.6923ms.
info: Microsoft.AspNetCore.Mvc.ViewFeatures.ViewResultExecutor[1]
      Executing ViewResult, running view Index.
info: Microsoft.AspNetCore.Mvc.ViewFeatures.ViewResultExecutor[4]
      Executed ViewResult - view Index executed in 216.8246ms.
info: Microsoft.AspNetCore.Mvc.Internal.ControllerActionInvoker[2]
      Executed action Czar.Cms.Admin.Controllers.AccountController.Index (Czar.Cms.Admin) in 309.0051ms
info: Microsoft.AspNetCore.Routing.EndpointMiddleware[1]
      Executed endpoint 'Czar.Cms.Admin.Controllers.AccountController.Index (Czar.Cms.Admin)'
info: Microsoft.AspNetCore.Hosting.Internal.WebHost[2]
      Request finished in 375.415ms 200 text/html; charset=utf-8
info: Microsoft.AspNetCore.Hosting.Internal.WebHost[1]
      Request starting HTTP/1.1 GET http://localhost:58935/Account/GetCaptchaImage  
info: Microsoft.AspNetCore.Hosting.Internal.WebHost[1]
      Request starting HTTP/1.1 GET http://localhost:58935/js/login.js?_=20190713165105  
info: Microsoft.AspNetCore.Routing.EndpointMiddleware[0]
      Executing endpoint 'Czar.Cms.Admin.Controllers.AccountController.GetCaptchaImage (Czar.Cms.Admin)'
info: Microsoft.AspNetCore.Mvc.Internal.ControllerActionInvoker[3]
      Route matched with {action = "GetCaptchaImage", controller = "Account"}. Executing controller action with signature Microsoft.AspNetCore.Mvc.IActionResult GetCaptchaImage() on controller Czar.Cms.Admin.Controllers.AccountController (Czar.Cms.Admin).
info: Microsoft.AspNetCore.Mvc.Internal.ControllerActionInvoker[1]
      Executing action method Czar.Cms.Admin.Controllers.AccountController.GetCaptchaImage (Czar.Cms.Admin) - Validation state: Valid
info: Microsoft.AspNetCore.StaticFiles.StaticFileMiddleware[2]
      Sending file. Request path: '/js/login.js'. Physical path: 'D:\Czar.Cms-master\src\Czar.Cms.Admin\wwwroot\js\login.js'
info: Microsoft.AspNetCore.Hosting.Internal.WebHost[2]
      Request finished in 23.7698ms 200 application/javascript
info: Microsoft.AspNetCore.Mvc.Internal.ControllerActionInvoker[2]
      Executed action method Czar.Cms.Admin.Controllers.AccountController.GetCaptchaImage (Czar.Cms.Admin), returned result Microsoft.AspNetCore.Mvc.FileStreamResult in 228.294ms.
info: Microsoft.AspNetCore.Mvc.Infrastructure.FileStreamResultExecutor[2]
      Executing Microsoft.AspNetCore.Mvc.FileStreamResult, sending file with download name '' ...
info: Microsoft.AspNetCore.Mvc.Internal.ControllerActionInvoker[2]
      Executed action Czar.Cms.Admin.Controllers.AccountController.GetCaptchaImage (Czar.Cms.Admin) in 247.6044ms
info: Microsoft.AspNetCore.Routing.EndpointMiddleware[1]
      Executed endpoint 'Czar.Cms.Admin.Controllers.AccountController.GetCaptchaImage (Czar.Cms.Admin)'
info: Microsoft.AspNetCore.Session.DistributedSession[3]
      Session started; Key:353b7b6e-dc1a-5f09-5aa1-43e444d83ba2, Id:e788df6e-72ce-4346-b1a9-c8386947b4d0
info: Microsoft.AspNetCore.Hosting.Internal.WebHost[2]
      Request finished in 284.9758ms 200 image/png
