info: Microsoft.AspNetCore.DataProtection.KeyManagement.XmlKeyManager[0]
      User profile is available. Using 'C:\Users\qiwj\AppData\Local\ASP.NET\DataProtection-Keys' as key repository and Windows DPAPI to encrypt keys at rest.
info: Microsoft.AspNetCore.Hosting.Internal.WebHost[1]
      Request starting HTTP/1.1 GET http://localhost:58935/  
info: Microsoft.AspNetCore.Routing.EndpointMiddleware[0]
      Executing endpoint 'Czar.Cms.Admin.Controllers.HomeController.Index (Czar.Cms.Admin)'
info: Microsoft.AspNetCore.Mvc.Internal.ControllerActionInvoker[1]
      Route matched with {action = "Index", controller = "Home"}. Executing action Czar.Cms.Admin.Controllers.HomeController.Index (Czar.Cms.Admin)
info: Microsoft.AspNetCore.Authorization.DefaultAuthorizationService[2]
      Authorization failed.
info: Microsoft.AspNetCore.Mvc.Internal.ControllerActionInvoker[3]
      Authorization failed for the request at filter 'Microsoft.AspNetCore.Mvc.Authorization.AuthorizeFilter'.
info: Microsoft.AspNetCore.Mvc.ChallengeResult[1]
      Executing ChallengeResult with authentication schemes ().
info: Microsoft.AspNetCore.Authentication.Cookies.CookieAuthenticationHandler[12]
      AuthenticationScheme: Cookies was challenged.
info: Microsoft.AspNetCore.Mvc.Internal.ControllerActionInvoker[2]
      Executed action Czar.Cms.Admin.Controllers.HomeController.Index (Czar.Cms.Admin) in 24.2104ms
Hosting environment: Development
Content root path: E:\Czar.Cms-master\src\Czar.Cms.Admin
Application started. Press Ctrl+C to shut down.
info: Microsoft.AspNetCore.Routing.EndpointMiddleware[1]
      Executed endpoint 'Czar.Cms.Admin.Controllers.HomeController.Index (Czar.Cms.Admin)'
info: Microsoft.AspNetCore.Hosting.Internal.WebHost[1]
      Request starting HTTP/1.1 GET http://localhost:58935/Account/Index?ReturnUrl=%2F  
info: Microsoft.AspNetCore.Hosting.Internal.WebHost[2]
      Request finished in 139.2954ms 302 
info: Microsoft.AspNetCore.Routing.EndpointMiddleware[0]
      Executing endpoint 'Czar.Cms.Admin.Controllers.AccountController.Index (Czar.Cms.Admin)'
info: Microsoft.AspNetCore.Mvc.Internal.ControllerActionInvoker[1]
      Route matched with {action = "Index", controller = "Account"}. Executing action Czar.Cms.Admin.Controllers.AccountController.Index (Czar.Cms.Admin)
info: Microsoft.AspNetCore.Mvc.Internal.ControllerActionInvoker[1]
      Executing action method Czar.Cms.Admin.Controllers.AccountController.Index (Czar.Cms.Admin) - Validation state: Valid
info: Microsoft.AspNetCore.Mvc.Internal.ControllerActionInvoker[2]
      Executed action method Czar.Cms.Admin.Controllers.AccountController.Index (Czar.Cms.Admin), returned result Microsoft.AspNetCore.Mvc.ViewResult in 0.439ms.
info: Microsoft.AspNetCore.Mvc.ViewFeatures.ViewResultExecutor[1]
      Executing ViewResult, running view Index.
info: Microsoft.AspNetCore.Mvc.ViewFeatures.ViewResultExecutor[4]
      Executed ViewResult - view Index executed in 91.5855ms.
info: Microsoft.AspNetCore.Mvc.Internal.ControllerActionInvoker[2]
      Executed action Czar.Cms.Admin.Controllers.AccountController.Index (Czar.Cms.Admin) in 525.5185ms
info: Microsoft.AspNetCore.Routing.EndpointMiddleware[1]
      Executed endpoint 'Czar.Cms.Admin.Controllers.AccountController.Index (Czar.Cms.Admin)'
info: Microsoft.AspNetCore.Hosting.Internal.WebHost[2]
      Request finished in 562.8689ms 200 text/html; charset=utf-8
info: Microsoft.AspNetCore.Hosting.Internal.WebHost[1]
      Request starting HTTP/1.1 GET http://localhost:58935/js/login.js?_=20190821161936  
info: Microsoft.AspNetCore.StaticFiles.StaticFileMiddleware[2]
      Sending file. Request path: '/js/login.js'. Physical path: 'E:\Czar.Cms-master\src\Czar.Cms.Admin\wwwroot\js\login.js'
info: Microsoft.AspNetCore.Hosting.Internal.WebHost[2]
      Request finished in 17.87ms 200 application/javascript
info: Microsoft.AspNetCore.Hosting.Internal.WebHost[1]
      Request starting HTTP/1.1 POST http://localhost:58935/Account/SignIn/ application/x-www-form-urlencoded; charset=UTF-8 209
info: Microsoft.AspNetCore.Routing.EndpointMiddleware[0]
      Executing endpoint 'Czar.Cms.Admin.Controllers.AccountController.SignInAsync (Czar.Cms.Admin)'
info: Microsoft.AspNetCore.Mvc.Internal.ControllerActionInvoker[1]
      Route matched with {action = "SignInAsync", controller = "Account"}. Executing action Czar.Cms.Admin.Controllers.AccountController.SignInAsync (Czar.Cms.Admin)
info: Microsoft.AspNetCore.Mvc.Internal.ControllerActionInvoker[1]
      Executing action method Czar.Cms.Admin.Controllers.AccountController.SignInAsync (Czar.Cms.Admin) with arguments (Czar.Cms.ViewModels.LoginModel) - Validation state: Valid
info: Microsoft.AspNetCore.Authentication.Cookies.CookieAuthenticationHandler[10]
      AuthenticationScheme: Cookies signed in.
info: Microsoft.AspNetCore.Mvc.Internal.ControllerActionInvoker[2]
      Executed action method Czar.Cms.Admin.Controllers.AccountController.SignInAsync (Czar.Cms.Admin), returned result Microsoft.AspNetCore.Mvc.ObjectResult in 297.4961ms.
info: Microsoft.AspNetCore.Mvc.Infrastructure.ObjectResultExecutor[1]
      Executing ObjectResult, writing value of type 'System.String'.
info: Microsoft.AspNetCore.Mvc.Internal.ControllerActionInvoker[2]
      Executed action Czar.Cms.Admin.Controllers.AccountController.SignInAsync (Czar.Cms.Admin) in 487.7167ms
info: Microsoft.AspNetCore.Routing.EndpointMiddleware[1]
      Executed endpoint 'Czar.Cms.Admin.Controllers.AccountController.SignInAsync (Czar.Cms.Admin)'
info: Microsoft.AspNetCore.Session.DistributedSession[3]
      Session started; Key:74b2ea4d-2468-6804-ce1f-7473e4f4ab46, Id:601f2f15-bef3-648a-5017-5d5207929888
info: Microsoft.AspNetCore.Hosting.Internal.WebHost[2]
      Request finished in 519.4196ms 200 text/plain; charset=utf-8
info: Microsoft.AspNetCore.Hosting.Internal.WebHost[1]
      Request starting HTTP/1.1 GET http://localhost:58935/  
info: Microsoft.AspNetCore.Routing.EndpointMiddleware[0]
      Executing endpoint 'Czar.Cms.Admin.Controllers.HomeController.Index (Czar.Cms.Admin)'
info: Microsoft.AspNetCore.Mvc.Internal.ControllerActionInvoker[1]
      Route matched with {action = "Index", controller = "Home"}. Executing action Czar.Cms.Admin.Controllers.HomeController.Index (Czar.Cms.Admin)
info: Microsoft.AspNetCore.Authorization.DefaultAuthorizationService[1]
      Authorization was successful.
info: Microsoft.AspNetCore.Mvc.Internal.ControllerActionInvoker[1]
      Executing action method Czar.Cms.Admin.Controllers.HomeController.Index (Czar.Cms.Admin) - Validation state: Valid
info: Microsoft.AspNetCore.Mvc.Internal.ControllerActionInvoker[2]
      Executed action method Czar.Cms.Admin.Controllers.HomeController.Index (Czar.Cms.Admin), returned result Microsoft.AspNetCore.Mvc.ViewResult in 1.0273ms.
info: Microsoft.AspNetCore.Mvc.ViewFeatures.ViewResultExecutor[1]
      Executing ViewResult, running view Index.
info: Microsoft.AspNetCore.Mvc.ViewFeatures.ViewResultExecutor[4]
      Executed ViewResult - view Index executed in 23.0704ms.
info: Microsoft.AspNetCore.Mvc.Internal.ControllerActionInvoker[2]
      Executed action Czar.Cms.Admin.Controllers.HomeController.Index (Czar.Cms.Admin) in 78.9505ms
info: Microsoft.AspNetCore.Routing.EndpointMiddleware[1]
      Executed endpoint 'Czar.Cms.Admin.Controllers.HomeController.Index (Czar.Cms.Admin)'
info: Microsoft.AspNetCore.Hosting.Internal.WebHost[2]
      Request finished in 91.2701ms 200 text/html; charset=utf-8
info: Microsoft.AspNetCore.Hosting.Internal.WebHost[1]
      Request starting HTTP/1.1 GET http://localhost:58935/Home/Main/  
info: Microsoft.AspNetCore.Hosting.Internal.WebHost[1]
      Request starting HTTP/1.1 GET http://localhost:58935/js/cache.js?_=20190821161939  
info: Microsoft.AspNetCore.Hosting.Internal.WebHost[1]
      Request starting HTTP/1.1 GET http://localhost:58935/upload/20190312/201903122159059093173.jpg  
info: Microsoft.AspNetCore.Hosting.Internal.WebHost[1]
      Request starting HTTP/1.1 GET http://localhost:58935/js/index.js?_=20190821161939  
info: Microsoft.AspNetCore.Routing.EndpointMiddleware[0]
      Executing endpoint 'Czar.Cms.Admin.Controllers.HomeController.Main (Czar.Cms.Admin)'
info: Microsoft.AspNetCore.Hosting.Internal.WebHost[2]
      Request finished in 18.5578ms 404 
info: Microsoft.AspNetCore.Mvc.Internal.ControllerActionInvoker[1]
      Route matched with {action = "Main", controller = "Home"}. Executing action Czar.Cms.Admin.Controllers.HomeController.Main (Czar.Cms.Admin)
info: Microsoft.AspNetCore.Authorization.DefaultAuthorizationService[1]
      Authorization was successful.
info: Microsoft.AspNetCore.StaticFiles.StaticFileMiddleware[2]
      Sending file. Request path: '/js/cache.js'. Physical path: 'E:\Czar.Cms-master\src\Czar.Cms.Admin\wwwroot\js\cache.js'
info: Microsoft.AspNetCore.StaticFiles.StaticFileMiddleware[2]
      Sending file. Request path: '/js/index.js'. Physical path: 'E:\Czar.Cms-master\src\Czar.Cms.Admin\wwwroot\js\index.js'
info: Microsoft.AspNetCore.Hosting.Internal.WebHost[2]
      Request finished in 22.207ms 200 application/javascript
info: Microsoft.AspNetCore.Hosting.Internal.WebHost[2]
      Request finished in 35.2117ms 200 application/javascript
info: Microsoft.AspNetCore.Mvc.Internal.ControllerActionInvoker[1]
      Executing action method Czar.Cms.Admin.Controllers.HomeController.Main (Czar.Cms.Admin) - Validation state: Valid
info: Microsoft.AspNetCore.Hosting.Internal.WebHost[1]
      Request starting HTTP/1.1 GET http://localhost:58935/Home/GetMenu/  
info: Microsoft.AspNetCore.Routing.EndpointMiddleware[0]
      Executing endpoint 'Czar.Cms.Admin.Controllers.HomeController.GetMenu (Czar.Cms.Admin)'
info: Microsoft.AspNetCore.Mvc.Internal.ControllerActionInvoker[2]
      Executed action method Czar.Cms.Admin.Controllers.HomeController.Main (Czar.Cms.Admin), returned result Microsoft.AspNetCore.Mvc.ViewResult in 3.875ms.
info: Microsoft.AspNetCore.Mvc.Internal.ControllerActionInvoker[1]
      Route matched with {action = "GetMenu", controller = "Home"}. Executing action Czar.Cms.Admin.Controllers.HomeController.GetMenu (Czar.Cms.Admin)
info: Microsoft.AspNetCore.Authorization.DefaultAuthorizationService[1]
      Authorization was successful.
info: Microsoft.AspNetCore.Mvc.ViewFeatures.ViewResultExecutor[1]
      Executing ViewResult, running view Main.
info: Microsoft.AspNetCore.Mvc.ViewFeatures.ViewResultExecutor[4]
      Executed ViewResult - view Main executed in 28.94ms.
info: Microsoft.AspNetCore.Mvc.Internal.ControllerActionInvoker[2]
      Executed action Czar.Cms.Admin.Controllers.HomeController.Main (Czar.Cms.Admin) in 91.7616ms
info: Microsoft.AspNetCore.Routing.EndpointMiddleware[1]
      Executed endpoint 'Czar.Cms.Admin.Controllers.HomeController.Main (Czar.Cms.Admin)'
info: Microsoft.AspNetCore.Hosting.Internal.WebHost[2]
      Request finished in 121.4683ms 200 text/html; charset=utf-8
info: Microsoft.AspNetCore.Mvc.Internal.ControllerActionInvoker[1]
      Executing action method Czar.Cms.Admin.Controllers.HomeController.GetMenu (Czar.Cms.Admin) - Validation state: Valid
info: Microsoft.AspNetCore.Mvc.Internal.ControllerActionInvoker[2]
      Executed action method Czar.Cms.Admin.Controllers.HomeController.GetMenu (Czar.Cms.Admin), returned result Microsoft.AspNetCore.Mvc.ObjectResult in 71.9178ms.
info: Microsoft.AspNetCore.Mvc.Infrastructure.ObjectResultExecutor[1]
      Executing ObjectResult, writing value of type 'System.String'.
info: Microsoft.AspNetCore.Mvc.Internal.ControllerActionInvoker[2]
      Executed action Czar.Cms.Admin.Controllers.HomeController.GetMenu (Czar.Cms.Admin) in 135.3682ms
info: Microsoft.AspNetCore.Routing.EndpointMiddleware[1]
      Executed endpoint 'Czar.Cms.Admin.Controllers.HomeController.GetMenu (Czar.Cms.Admin)'
info: Microsoft.AspNetCore.Hosting.Internal.WebHost[2]
      Request finished in 150.9282ms 200 text/plain; charset=utf-8
info: Microsoft.AspNetCore.Hosting.Internal.WebHost[1]
      Request starting HTTP/1.1 GET http://localhost:58935/Manager/Index  
info: Microsoft.AspNetCore.Routing.EndpointMiddleware[0]
      Executing endpoint 'Czar.Cms.Admin.Controllers.ManagerController.Index (Czar.Cms.Admin)'
info: Microsoft.AspNetCore.Mvc.Internal.ControllerActionInvoker[1]
      Route matched with {action = "Index", controller = "Manager"}. Executing action Czar.Cms.Admin.Controllers.ManagerController.Index (Czar.Cms.Admin)
info: Microsoft.AspNetCore.Authorization.DefaultAuthorizationService[1]
      Authorization was successful.
info: Microsoft.AspNetCore.Mvc.Internal.ControllerActionInvoker[1]
      Executing action method Czar.Cms.Admin.Controllers.ManagerController.Index (Czar.Cms.Admin) - Validation state: Valid
info: Microsoft.AspNetCore.Mvc.Internal.ControllerActionInvoker[2]
      Executed action method Czar.Cms.Admin.Controllers.ManagerController.Index (Czar.Cms.Admin), returned result Microsoft.AspNetCore.Mvc.ViewResult in 0.0649ms.
info: Microsoft.AspNetCore.Mvc.ViewFeatures.ViewResultExecutor[1]
      Executing ViewResult, running view Index.
info: Microsoft.AspNetCore.Mvc.ViewFeatures.ViewResultExecutor[4]
      Executed ViewResult - view Index executed in 15.409ms.
info: Microsoft.AspNetCore.Mvc.Internal.ControllerActionInvoker[2]
      Executed action Czar.Cms.Admin.Controllers.ManagerController.Index (Czar.Cms.Admin) in 241.8285ms
info: Microsoft.AspNetCore.Routing.EndpointMiddleware[1]
      Executed endpoint 'Czar.Cms.Admin.Controllers.ManagerController.Index (Czar.Cms.Admin)'
info: Microsoft.AspNetCore.Hosting.Internal.WebHost[2]
      Request finished in 252.3549ms 200 text/html; charset=utf-8
info: Microsoft.AspNetCore.Hosting.Internal.WebHost[1]
      Request starting HTTP/1.1 GET http://localhost:58935/js/manager/managerList.js?_=20190821161941  
info: Microsoft.AspNetCore.StaticFiles.StaticFileMiddleware[2]
      Sending file. Request path: '/js/manager/managerList.js'. Physical path: 'E:\Czar.Cms-master\src\Czar.Cms.Admin\wwwroot\js\manager\managerList.js'
info: Microsoft.AspNetCore.Hosting.Internal.WebHost[2]
      Request finished in 4.7771ms 200 application/javascript
info: Microsoft.AspNetCore.Hosting.Internal.WebHost[1]
      Request starting HTTP/1.1 GET http://localhost:58935/Manager/LoadData/?page=1&limit=10  
info: Microsoft.AspNetCore.Routing.EndpointMiddleware[0]
      Executing endpoint 'Czar.Cms.Admin.Controllers.ManagerController.LoadData (Czar.Cms.Admin)'
info: Microsoft.AspNetCore.Mvc.Internal.ControllerActionInvoker[1]
      Route matched with {action = "LoadData", controller = "Manager"}. Executing action Czar.Cms.Admin.Controllers.ManagerController.LoadData (Czar.Cms.Admin)
info: Microsoft.AspNetCore.Authorization.DefaultAuthorizationService[1]
      Authorization was successful.
info: Microsoft.AspNetCore.Mvc.Internal.ControllerActionInvoker[1]
      Executing action method Czar.Cms.Admin.Controllers.ManagerController.LoadData (Czar.Cms.Admin) with arguments (Czar.Cms.ViewModels.ManagerRequestModel) - Validation state: Valid
info: Microsoft.AspNetCore.Mvc.Internal.ControllerActionInvoker[2]
      Executed action method Czar.Cms.Admin.Controllers.ManagerController.LoadData (Czar.Cms.Admin), returned result Microsoft.AspNetCore.Mvc.ObjectResult in 158.391ms.
info: Microsoft.AspNetCore.Mvc.Infrastructure.ObjectResultExecutor[1]
      Executing ObjectResult, writing value of type 'System.String'.
info: Microsoft.AspNetCore.Mvc.Internal.ControllerActionInvoker[2]
      Executed action Czar.Cms.Admin.Controllers.ManagerController.LoadData (Czar.Cms.Admin) in 297.503ms
info: Microsoft.AspNetCore.Routing.EndpointMiddleware[1]
      Executed endpoint 'Czar.Cms.Admin.Controllers.ManagerController.LoadData (Czar.Cms.Admin)'
info: Microsoft.AspNetCore.Hosting.Internal.WebHost[2]
      Request finished in 316.8947ms 200 text/plain; charset=utf-8
info: Microsoft.AspNetCore.Hosting.Internal.WebHost[1]
      Request starting HTTP/1.1 POST http://localhost:58935/Manager/Delete/ application/x-www-form-urlencoded; charset=UTF-8 11
info: Microsoft.AspNetCore.Routing.EndpointMiddleware[0]
      Executing endpoint 'Czar.Cms.Admin.Controllers.ManagerController.Delete (Czar.Cms.Admin)'
info: Microsoft.AspNetCore.Mvc.Internal.ControllerActionInvoker[1]
      Route matched with {action = "Delete", controller = "Manager"}. Executing action Czar.Cms.Admin.Controllers.ManagerController.Delete (Czar.Cms.Admin)
info: Microsoft.AspNetCore.Authorization.DefaultAuthorizationService[1]
      Authorization was successful.
info: Microsoft.AspNetCore.Mvc.Internal.ControllerActionInvoker[1]
      Executing action method Czar.Cms.Admin.Controllers.ManagerController.Delete (Czar.Cms.Admin) with arguments (System.Int32[]) - Validation state: Valid
info: Microsoft.AspNetCore.Mvc.Internal.ControllerActionInvoker[2]
      Executed action method Czar.Cms.Admin.Controllers.ManagerController.Delete (Czar.Cms.Admin), returned result Microsoft.AspNetCore.Mvc.ObjectResult in 23.8898ms.
info: Microsoft.AspNetCore.Mvc.Infrastructure.ObjectResultExecutor[1]
      Executing ObjectResult, writing value of type 'System.String'.
info: Microsoft.AspNetCore.Mvc.Internal.ControllerActionInvoker[2]
      Executed action Czar.Cms.Admin.Controllers.ManagerController.Delete (Czar.Cms.Admin) in 168.148ms
info: Microsoft.AspNetCore.Routing.EndpointMiddleware[1]
      Executed endpoint 'Czar.Cms.Admin.Controllers.ManagerController.Delete (Czar.Cms.Admin)'
info: Microsoft.AspNetCore.Hosting.Internal.WebHost[2]
      Request finished in 178.9195ms 200 text/plain; charset=utf-8
info: Microsoft.AspNetCore.Hosting.Internal.WebHost[1]
      Request starting HTTP/1.1 GET http://localhost:58935/Manager/LoadData/?page=1&limit=10  
info: Microsoft.AspNetCore.Routing.EndpointMiddleware[0]
      Executing endpoint 'Czar.Cms.Admin.Controllers.ManagerController.LoadData (Czar.Cms.Admin)'
info: Microsoft.AspNetCore.Mvc.Internal.ControllerActionInvoker[1]
      Route matched with {action = "LoadData", controller = "Manager"}. Executing action Czar.Cms.Admin.Controllers.ManagerController.LoadData (Czar.Cms.Admin)
info: Microsoft.AspNetCore.Authorization.DefaultAuthorizationService[1]
      Authorization was successful.
info: Microsoft.AspNetCore.Mvc.Internal.ControllerActionInvoker[1]
      Executing action method Czar.Cms.Admin.Controllers.ManagerController.LoadData (Czar.Cms.Admin) with arguments (Czar.Cms.ViewModels.ManagerRequestModel) - Validation state: Valid
info: Microsoft.AspNetCore.Mvc.Internal.ControllerActionInvoker[2]
      Executed action method Czar.Cms.Admin.Controllers.ManagerController.LoadData (Czar.Cms.Admin), returned result Microsoft.AspNetCore.Mvc.ObjectResult in 126.3237ms.
info: Microsoft.AspNetCore.Mvc.Infrastructure.ObjectResultExecutor[1]
      Executing ObjectResult, writing value of type 'System.String'.
info: Microsoft.AspNetCore.Mvc.Internal.ControllerActionInvoker[2]
      Executed action Czar.Cms.Admin.Controllers.ManagerController.LoadData (Czar.Cms.Admin) in 281.0719ms
info: Microsoft.AspNetCore.Routing.EndpointMiddleware[1]
      Executed endpoint 'Czar.Cms.Admin.Controllers.ManagerController.LoadData (Czar.Cms.Admin)'
info: Microsoft.AspNetCore.Hosting.Internal.WebHost[2]
      Request finished in 291.258ms 200 text/plain; charset=utf-8
info: Microsoft.AspNetCore.Hosting.Internal.WebHost[1]
      Request starting HTTP/1.1 POST http://localhost:58935/Manager/Delete/ application/x-www-form-urlencoded; charset=UTF-8 11
info: Microsoft.AspNetCore.Routing.EndpointMiddleware[0]
      Executing endpoint 'Czar.Cms.Admin.Controllers.ManagerController.Delete (Czar.Cms.Admin)'
info: Microsoft.AspNetCore.Mvc.Internal.ControllerActionInvoker[1]
      Route matched with {action = "Delete", controller = "Manager"}. Executing action Czar.Cms.Admin.Controllers.ManagerController.Delete (Czar.Cms.Admin)
info: Microsoft.AspNetCore.Authorization.DefaultAuthorizationService[1]
      Authorization was successful.
info: Microsoft.AspNetCore.Mvc.Internal.ControllerActionInvoker[1]
      Executing action method Czar.Cms.Admin.Controllers.ManagerController.Delete (Czar.Cms.Admin) with arguments (System.Int32[]) - Validation state: Valid
info: Microsoft.AspNetCore.Mvc.Internal.ControllerActionInvoker[2]
      Executed action method Czar.Cms.Admin.Controllers.ManagerController.Delete (Czar.Cms.Admin), returned result Microsoft.AspNetCore.Mvc.ObjectResult in 0.1232ms.
info: Microsoft.AspNetCore.Mvc.Infrastructure.ObjectResultExecutor[1]
      Executing ObjectResult, writing value of type 'System.String'.
info: Microsoft.AspNetCore.Mvc.Internal.ControllerActionInvoker[2]
      Executed action Czar.Cms.Admin.Controllers.ManagerController.Delete (Czar.Cms.Admin) in 133.4251ms
info: Microsoft.AspNetCore.Routing.EndpointMiddleware[1]
      Executed endpoint 'Czar.Cms.Admin.Controllers.ManagerController.Delete (Czar.Cms.Admin)'
info: Microsoft.AspNetCore.Hosting.Internal.WebHost[2]
      Request finished in 142.538ms 200 text/plain; charset=utf-8
info: Microsoft.AspNetCore.Hosting.Internal.WebHost[1]
      Request starting HTTP/1.1 GET http://localhost:58935/Manager/LoadData/?page=1&limit=10  
info: Microsoft.AspNetCore.Routing.EndpointMiddleware[0]
      Executing endpoint 'Czar.Cms.Admin.Controllers.ManagerController.LoadData (Czar.Cms.Admin)'
info: Microsoft.AspNetCore.Mvc.Internal.ControllerActionInvoker[1]
      Route matched with {action = "LoadData", controller = "Manager"}. Executing action Czar.Cms.Admin.Controllers.ManagerController.LoadData (Czar.Cms.Admin)
info: Microsoft.AspNetCore.Authorization.DefaultAuthorizationService[1]
      Authorization was successful.
info: Microsoft.AspNetCore.Mvc.Internal.ControllerActionInvoker[1]
      Executing action method Czar.Cms.Admin.Controllers.ManagerController.LoadData (Czar.Cms.Admin) with arguments (Czar.Cms.ViewModels.ManagerRequestModel) - Validation state: Valid
info: Microsoft.AspNetCore.Mvc.Internal.ControllerActionInvoker[2]
      Executed action method Czar.Cms.Admin.Controllers.ManagerController.LoadData (Czar.Cms.Admin), returned result Microsoft.AspNetCore.Mvc.ObjectResult in 175.063ms.
info: Microsoft.AspNetCore.Mvc.Infrastructure.ObjectResultExecutor[1]
      Executing ObjectResult, writing value of type 'System.String'.
info: Microsoft.AspNetCore.Mvc.Internal.ControllerActionInvoker[2]
      Executed action Czar.Cms.Admin.Controllers.ManagerController.LoadData (Czar.Cms.Admin) in 374.6679ms
info: Microsoft.AspNetCore.Routing.EndpointMiddleware[1]
      Executed endpoint 'Czar.Cms.Admin.Controllers.ManagerController.LoadData (Czar.Cms.Admin)'
info: Microsoft.AspNetCore.Hosting.Internal.WebHost[2]
      Request finished in 383.3154ms 200 text/plain; charset=utf-8
