info: Microsoft.AspNetCore.DataProtection.KeyManagement.XmlKeyManager[0]
      User profile is available. Using 'C:\Users\qiwj\AppData\Local\ASP.NET\DataProtection-Keys' as key repository and Windows DPAPI to encrypt keys at rest.
info: Microsoft.AspNetCore.Hosting.Internal.WebHost[1]
      Request starting HTTP/1.1 GET http://localhost:58935/  
info: Microsoft.AspNetCore.Routing.EndpointMiddleware[0]
      Executing endpoint 'Czar.Cms.Admin.Controllers.HomeController.Index (Czar.Cms.Admin)'
info: Microsoft.AspNetCore.Mvc.Internal.ControllerActionInvoker[1]
      Route matched with {action = "Index", controller = "Home"}. Executing action Czar.Cms.Admin.Controllers.HomeController.Index (Czar.Cms.Admin)
info: Microsoft.AspNetCore.Authorization.DefaultAuthorizationService[2]
      Authorization failed.
info: Microsoft.AspNetCore.Mvc.Internal.ControllerActionInvoker[3]
      Authorization failed for the request at filter 'Microsoft.AspNetCore.Mvc.Authorization.AuthorizeFilter'.
info: Microsoft.AspNetCore.Mvc.ChallengeResult[1]
      Executing ChallengeResult with authentication schemes ().
info: Microsoft.AspNetCore.Authentication.Cookies.CookieAuthenticationHandler[12]
      AuthenticationScheme: Cookies was challenged.
info: Microsoft.AspNetCore.Mvc.Internal.ControllerActionInvoker[2]
      Executed action Czar.Cms.Admin.Controllers.HomeController.Index (Czar.Cms.Admin) in 23.595ms
info: Microsoft.AspNetCore.Routing.EndpointMiddleware[1]
      Executed endpoint 'Czar.Cms.Admin.Controllers.HomeController.Index (Czar.Cms.Admin)'
Hosting environment: Development
Content root path: E:\Czar.Cms-master\src\Czar.Cms.Admin
Application started. Press Ctrl+C to shut down.
info: Microsoft.AspNetCore.Hosting.Internal.WebHost[2]
      Request finished in 147.6796ms 302 
info: Microsoft.AspNetCore.Hosting.Internal.WebHost[1]
      Request starting HTTP/1.1 GET http://localhost:58935/Account/Index?ReturnUrl=%2F  
info: Microsoft.AspNetCore.Routing.EndpointMiddleware[0]
      Executing endpoint 'Czar.Cms.Admin.Controllers.AccountController.Index (Czar.Cms.Admin)'
info: Microsoft.AspNetCore.Mvc.Internal.ControllerActionInvoker[1]
      Route matched with {action = "Index", controller = "Account"}. Executing action Czar.Cms.Admin.Controllers.AccountController.Index (Czar.Cms.Admin)
info: Microsoft.AspNetCore.Mvc.Internal.ControllerActionInvoker[1]
      Executing action method Czar.Cms.Admin.Controllers.AccountController.Index (Czar.Cms.Admin) - Validation state: Valid
info: Microsoft.AspNetCore.Mvc.Internal.ControllerActionInvoker[2]
      Executed action method Czar.Cms.Admin.Controllers.AccountController.Index (Czar.Cms.Admin), returned result Microsoft.AspNetCore.Mvc.ViewResult in 0.514ms.
info: Microsoft.AspNetCore.Mvc.ViewFeatures.ViewResultExecutor[1]
      Executing ViewResult, running view Index.
info: Microsoft.AspNetCore.Mvc.ViewFeatures.ViewResultExecutor[4]
      Executed ViewResult - view Index executed in 88.6494ms.
info: Microsoft.AspNetCore.Mvc.Internal.ControllerActionInvoker[2]
      Executed action Czar.Cms.Admin.Controllers.AccountController.Index (Czar.Cms.Admin) in 575.1209ms
info: Microsoft.AspNetCore.Routing.EndpointMiddleware[1]
      Executed endpoint 'Czar.Cms.Admin.Controllers.AccountController.Index (Czar.Cms.Admin)'
info: Microsoft.AspNetCore.Hosting.Internal.WebHost[2]
      Request finished in 602.6445ms 200 text/html; charset=utf-8
info: Microsoft.AspNetCore.Hosting.Internal.WebHost[1]
      Request starting HTTP/1.1 GET http://localhost:58935/js/login.js?_=20190821161514  
info: Microsoft.AspNetCore.StaticFiles.StaticFileMiddleware[2]
      Sending file. Request path: '/js/login.js'. Physical path: 'E:\Czar.Cms-master\src\Czar.Cms.Admin\wwwroot\js\login.js'
info: Microsoft.AspNetCore.Hosting.Internal.WebHost[2]
      Request finished in 16.8545ms 200 application/javascript
info: Microsoft.AspNetCore.Hosting.Internal.WebHost[1]
      Request starting HTTP/1.1 GET http://localhost:58935/  
info: Microsoft.AspNetCore.Routing.EndpointMiddleware[0]
      Executing endpoint 'Czar.Cms.Admin.Controllers.HomeController.Index (Czar.Cms.Admin)'
info: Microsoft.AspNetCore.Mvc.Internal.ControllerActionInvoker[1]
      Route matched with {action = "Index", controller = "Home"}. Executing action Czar.Cms.Admin.Controllers.HomeController.Index (Czar.Cms.Admin)
info: Microsoft.AspNetCore.Authorization.DefaultAuthorizationService[2]
      Authorization failed.
info: Microsoft.AspNetCore.Mvc.Internal.ControllerActionInvoker[3]
      Authorization failed for the request at filter 'Microsoft.AspNetCore.Mvc.Authorization.AuthorizeFilter'.
info: Microsoft.AspNetCore.Mvc.ChallengeResult[1]
      Executing ChallengeResult with authentication schemes ().
info: Microsoft.AspNetCore.Authentication.Cookies.CookieAuthenticationHandler[12]
      AuthenticationScheme: Cookies was challenged.
info: Microsoft.AspNetCore.Mvc.Internal.ControllerActionInvoker[2]
      Executed action Czar.Cms.Admin.Controllers.HomeController.Index (Czar.Cms.Admin) in 8.051ms
info: Microsoft.AspNetCore.Routing.EndpointMiddleware[1]
      Executed endpoint 'Czar.Cms.Admin.Controllers.HomeController.Index (Czar.Cms.Admin)'
info: Microsoft.AspNetCore.Hosting.Internal.WebHost[2]
      Request finished in 19.7686ms 302 
info: Microsoft.AspNetCore.Hosting.Internal.WebHost[1]
      Request starting HTTP/1.1 GET http://localhost:58935/Account/Index?ReturnUrl=%2F  
info: Microsoft.AspNetCore.Routing.EndpointMiddleware[0]
      Executing endpoint 'Czar.Cms.Admin.Controllers.AccountController.Index (Czar.Cms.Admin)'
info: Microsoft.AspNetCore.Mvc.Internal.ControllerActionInvoker[1]
      Route matched with {action = "Index", controller = "Account"}. Executing action Czar.Cms.Admin.Controllers.AccountController.Index (Czar.Cms.Admin)
info: Microsoft.AspNetCore.Mvc.Internal.ControllerActionInvoker[1]
      Executing action method Czar.Cms.Admin.Controllers.AccountController.Index (Czar.Cms.Admin) - Validation state: Valid
info: Microsoft.AspNetCore.Mvc.Internal.ControllerActionInvoker[2]
      Executed action method Czar.Cms.Admin.Controllers.AccountController.Index (Czar.Cms.Admin), returned result Microsoft.AspNetCore.Mvc.ViewResult in 0.0792ms.
info: Microsoft.AspNetCore.Mvc.ViewFeatures.ViewResultExecutor[1]
      Executing ViewResult, running view Index.
info: Microsoft.AspNetCore.Mvc.ViewFeatures.ViewResultExecutor[4]
      Executed ViewResult - view Index executed in 2.9886ms.
info: Microsoft.AspNetCore.Mvc.Internal.ControllerActionInvoker[2]
      Executed action Czar.Cms.Admin.Controllers.AccountController.Index (Czar.Cms.Admin) in 112.6633ms
info: Microsoft.AspNetCore.Routing.EndpointMiddleware[1]
      Executed endpoint 'Czar.Cms.Admin.Controllers.AccountController.Index (Czar.Cms.Admin)'
info: Microsoft.AspNetCore.Hosting.Internal.WebHost[2]
      Request finished in 123.4745ms 200 text/html; charset=utf-8
info: Microsoft.AspNetCore.Hosting.Internal.WebHost[1]
      Request starting HTTP/1.1 GET http://localhost:58935/js/login.js?_=20190821161518  
info: Microsoft.AspNetCore.Hosting.Internal.WebHost[1]
      Request starting HTTP/1.1 GET http://localhost:58935/layui/layui.js  
info: Microsoft.AspNetCore.Hosting.Internal.WebHost[1]
      Request starting HTTP/1.1 GET http://localhost:58935/css/public.css  
info: Microsoft.AspNetCore.Hosting.Internal.WebHost[1]
      Request starting HTTP/1.1 GET http://localhost:58935/layui/css/layui.css  
info: Microsoft.AspNetCore.Hosting.Internal.WebHost[1]
      Request starting HTTP/1.1 GET http://localhost:58935/images/userface1.jpg  
info: Microsoft.AspNetCore.StaticFiles.StaticFileMiddleware[2]
      Sending file. Request path: '/layui/layui.js'. Physical path: 'E:\Czar.Cms-master\src\Czar.Cms.Admin\wwwroot\layui\layui.js'
info: Microsoft.AspNetCore.StaticFiles.StaticFileMiddleware[2]
      Sending file. Request path: '/js/login.js'. Physical path: 'E:\Czar.Cms-master\src\Czar.Cms.Admin\wwwroot\js\login.js'
info: Microsoft.AspNetCore.Hosting.Internal.WebHost[2]
      Request finished in 20.4323ms 200 application/javascript
info: Microsoft.AspNetCore.Hosting.Internal.WebHost[2]
      Request finished in 20.6312ms 200 application/javascript
info: Microsoft.AspNetCore.StaticFiles.StaticFileMiddleware[2]
      Sending file. Request path: '/layui/css/layui.css'. Physical path: 'E:\Czar.Cms-master\src\Czar.Cms.Admin\wwwroot\layui\css\layui.css'
info: Microsoft.AspNetCore.StaticFiles.StaticFileMiddleware[2]
      Sending file. Request path: '/css/public.css'. Physical path: 'E:\Czar.Cms-master\src\Czar.Cms.Admin\wwwroot\css\public.css'
info: Microsoft.AspNetCore.Hosting.Internal.WebHost[2]
      Request finished in 18.2737ms 200 text/css
info: Microsoft.AspNetCore.Hosting.Internal.WebHost[2]
      Request finished in 30.6701ms 200 text/css
info: Microsoft.AspNetCore.StaticFiles.StaticFileMiddleware[2]
      Sending file. Request path: '/images/userface1.jpg'. Physical path: 'E:\Czar.Cms-master\src\Czar.Cms.Admin\wwwroot\images\userface1.jpg'
info: Microsoft.AspNetCore.Hosting.Internal.WebHost[2]
      Request finished in 30.2186ms 200 image/jpeg
info: Microsoft.AspNetCore.Hosting.Internal.WebHost[1]
      Request starting HTTP/1.1 GET http://localhost:58935/images/login_bg.jpg  
info: Microsoft.AspNetCore.StaticFiles.StaticFileMiddleware[2]
      Sending file. Request path: '/images/login_bg.jpg'. Physical path: 'E:\Czar.Cms-master\src\Czar.Cms.Admin\wwwroot\images\login_bg.jpg'
info: Microsoft.AspNetCore.Hosting.Internal.WebHost[2]
      Request finished in 5.4808ms 200 image/jpeg
info: Microsoft.AspNetCore.Hosting.Internal.WebHost[1]
      Request starting HTTP/1.1 GET http://localhost:58935/layui/lay/modules/form.js  
info: Microsoft.AspNetCore.StaticFiles.StaticFileMiddleware[2]
      Sending file. Request path: '/layui/lay/modules/form.js'. Physical path: 'E:\Czar.Cms-master\src\Czar.Cms.Admin\wwwroot\layui\lay\modules\form.js'
info: Microsoft.AspNetCore.Hosting.Internal.WebHost[2]
      Request finished in 6.2237ms 200 application/javascript
info: Microsoft.AspNetCore.Hosting.Internal.WebHost[1]
      Request starting HTTP/1.1 GET http://localhost:58935/layui/lay/modules/layer.js  
info: Microsoft.AspNetCore.StaticFiles.StaticFileMiddleware[2]
      Sending file. Request path: '/layui/lay/modules/layer.js'. Physical path: 'E:\Czar.Cms-master\src\Czar.Cms.Admin\wwwroot\layui\lay\modules\layer.js'
info: Microsoft.AspNetCore.Hosting.Internal.WebHost[2]
      Request finished in 5.0059ms 200 application/javascript
info: Microsoft.AspNetCore.Hosting.Internal.WebHost[1]
      Request starting HTTP/1.1 GET http://localhost:58935/layui/lay/modules/jquery.js  
info: Microsoft.AspNetCore.Hosting.Internal.WebHost[1]
      Request starting HTTP/1.1 GET http://localhost:58935/layui/css/modules/layer/default/layer.css?v=3.1.1  
info: Microsoft.AspNetCore.StaticFiles.StaticFileMiddleware[2]
      Sending file. Request path: '/layui/css/modules/layer/default/layer.css'. Physical path: 'E:\Czar.Cms-master\src\Czar.Cms.Admin\wwwroot\layui\css\modules\layer\default\layer.css'
info: Microsoft.AspNetCore.Hosting.Internal.WebHost[2]
      Request finished in 11.2366ms 200 text/css
info: Microsoft.AspNetCore.StaticFiles.StaticFileMiddleware[2]
      Sending file. Request path: '/layui/lay/modules/jquery.js'. Physical path: 'E:\Czar.Cms-master\src\Czar.Cms.Admin\wwwroot\layui\lay\modules\jquery.js'
info: Microsoft.AspNetCore.Hosting.Internal.WebHost[2]
      Request finished in 15.5121ms 200 application/javascript
info: Microsoft.AspNetCore.Hosting.Internal.WebHost[1]
      Request starting HTTP/1.1 POST http://localhost:58935/Account/SignIn/ application/x-www-form-urlencoded; charset=UTF-8 209
info: Microsoft.AspNetCore.Routing.EndpointMiddleware[0]
      Executing endpoint 'Czar.Cms.Admin.Controllers.AccountController.SignInAsync (Czar.Cms.Admin)'
info: Microsoft.AspNetCore.Mvc.Internal.ControllerActionInvoker[1]
      Route matched with {action = "SignInAsync", controller = "Account"}. Executing action Czar.Cms.Admin.Controllers.AccountController.SignInAsync (Czar.Cms.Admin)
info: Microsoft.AspNetCore.Mvc.Internal.ControllerActionInvoker[1]
      Executing action method Czar.Cms.Admin.Controllers.AccountController.SignInAsync (Czar.Cms.Admin) with arguments (Czar.Cms.ViewModels.LoginModel) - Validation state: Valid
info: Microsoft.AspNetCore.Authentication.Cookies.CookieAuthenticationHandler[10]
      AuthenticationScheme: Cookies signed in.
info: Microsoft.AspNetCore.Mvc.Internal.ControllerActionInvoker[2]
      Executed action method Czar.Cms.Admin.Controllers.AccountController.SignInAsync (Czar.Cms.Admin), returned result Microsoft.AspNetCore.Mvc.ObjectResult in 296.763ms.
info: Microsoft.AspNetCore.Mvc.Infrastructure.ObjectResultExecutor[1]
      Executing ObjectResult, writing value of type 'System.String'.
info: Microsoft.AspNetCore.Mvc.Internal.ControllerActionInvoker[2]
      Executed action Czar.Cms.Admin.Controllers.AccountController.SignInAsync (Czar.Cms.Admin) in 537.6514ms
info: Microsoft.AspNetCore.Routing.EndpointMiddleware[1]
      Executed endpoint 'Czar.Cms.Admin.Controllers.AccountController.SignInAsync (Czar.Cms.Admin)'
info: Microsoft.AspNetCore.Session.DistributedSession[3]
      Session started; Key:81fb2975-cff5-248a-ca8f-b5e5a667fbcd, Id:b4e1029b-f8e0-09ef-bc0c-0c8391df4cba
info: Microsoft.AspNetCore.Hosting.Internal.WebHost[2]
      Request finished in 569.9022ms 200 text/plain; charset=utf-8
info: Microsoft.AspNetCore.Hosting.Internal.WebHost[1]
      Request starting HTTP/1.1 GET http://localhost:58935/  
info: Microsoft.AspNetCore.Routing.EndpointMiddleware[0]
      Executing endpoint 'Czar.Cms.Admin.Controllers.HomeController.Index (Czar.Cms.Admin)'
info: Microsoft.AspNetCore.Mvc.Internal.ControllerActionInvoker[1]
      Route matched with {action = "Index", controller = "Home"}. Executing action Czar.Cms.Admin.Controllers.HomeController.Index (Czar.Cms.Admin)
info: Microsoft.AspNetCore.Authorization.DefaultAuthorizationService[1]
      Authorization was successful.
info: Microsoft.AspNetCore.Mvc.Internal.ControllerActionInvoker[1]
      Executing action method Czar.Cms.Admin.Controllers.HomeController.Index (Czar.Cms.Admin) - Validation state: Valid
info: Microsoft.AspNetCore.Mvc.Internal.ControllerActionInvoker[2]
      Executed action method Czar.Cms.Admin.Controllers.HomeController.Index (Czar.Cms.Admin), returned result Microsoft.AspNetCore.Mvc.ViewResult in 1.0975ms.
info: Microsoft.AspNetCore.Mvc.ViewFeatures.ViewResultExecutor[1]
      Executing ViewResult, running view Index.
info: Microsoft.AspNetCore.Mvc.ViewFeatures.ViewResultExecutor[4]
      Executed ViewResult - view Index executed in 29.9229ms.
info: Microsoft.AspNetCore.Mvc.Internal.ControllerActionInvoker[2]
      Executed action Czar.Cms.Admin.Controllers.HomeController.Index (Czar.Cms.Admin) in 99.5297ms
info: Microsoft.AspNetCore.Routing.EndpointMiddleware[1]
      Executed endpoint 'Czar.Cms.Admin.Controllers.HomeController.Index (Czar.Cms.Admin)'
info: Microsoft.AspNetCore.Hosting.Internal.WebHost[1]
      Request starting HTTP/1.1 GET http://localhost:58935/css/index.css  
info: Microsoft.AspNetCore.Hosting.Internal.WebHost[1]
      Request starting HTTP/1.1 GET http://localhost:58935/js/index.js?_=20190821161523  
info: Microsoft.AspNetCore.Hosting.Internal.WebHost[1]
      Request starting HTTP/1.1 GET http://localhost:58935/upload/20190312/201903122159059093173.jpg  
info: Microsoft.AspNetCore.Hosting.Internal.WebHost[1]
      Request starting HTTP/1.1 GET http://localhost:58935/js/cache.js?_=20190821161523  
info: Microsoft.AspNetCore.Hosting.Internal.WebHost[2]
      Request finished in 115.4942ms 200 text/html; charset=utf-8
info: Microsoft.AspNetCore.Hosting.Internal.WebHost[1]
      Request starting HTTP/1.1 GET http://localhost:58935/Home/Main/  
info: Microsoft.AspNetCore.StaticFiles.StaticFileMiddleware[2]
      Sending file. Request path: '/js/cache.js'. Physical path: 'E:\Czar.Cms-master\src\Czar.Cms.Admin\wwwroot\js\cache.js'
info: Microsoft.AspNetCore.Hosting.Internal.WebHost[1]
      Request starting HTTP/1.1 GET http://localhost:58935/layui/font/iconfont.woff?v=220  
info: Microsoft.AspNetCore.StaticFiles.StaticFileMiddleware[2]
      Sending file. Request path: '/js/index.js'. Physical path: 'E:\Czar.Cms-master\src\Czar.Cms.Admin\wwwroot\js\index.js'
info: Microsoft.AspNetCore.Routing.EndpointMiddleware[0]
      Executing endpoint 'Czar.Cms.Admin.Controllers.HomeController.Main (Czar.Cms.Admin)'
info: Microsoft.AspNetCore.Hosting.Internal.WebHost[2]
      Request finished in 26.2909ms 404 
info: Microsoft.AspNetCore.Hosting.Internal.WebHost[2]
      Request finished in 26.2384ms 200 application/javascript
info: Microsoft.AspNetCore.StaticFiles.StaticFileMiddleware[2]
      Sending file. Request path: '/css/index.css'. Physical path: 'E:\Czar.Cms-master\src\Czar.Cms.Admin\wwwroot\css\index.css'
info: Microsoft.AspNetCore.Hosting.Internal.WebHost[2]
      Request finished in 40.0035ms 200 text/css
info: Microsoft.AspNetCore.StaticFiles.StaticFileMiddleware[2]
      Sending file. Request path: '/layui/font/iconfont.woff'. Physical path: 'E:\Czar.Cms-master\src\Czar.Cms.Admin\wwwroot\layui\font\iconfont.woff'
info: Microsoft.AspNetCore.Mvc.Internal.ControllerActionInvoker[1]
      Route matched with {action = "Main", controller = "Home"}. Executing action Czar.Cms.Admin.Controllers.HomeController.Main (Czar.Cms.Admin)
info: Microsoft.AspNetCore.Authorization.DefaultAuthorizationService[1]
      Authorization was successful.
info: Microsoft.AspNetCore.Hosting.Internal.WebHost[2]
      Request finished in 33.6995ms 200 application/font-woff
info: Microsoft.AspNetCore.Hosting.Internal.WebHost[2]
      Request finished in 60.4855ms 200 application/javascript
info: Microsoft.AspNetCore.Hosting.Internal.WebHost[1]
      Request starting HTTP/1.1 GET http://localhost:58935/js/bodyTab.js  
info: Microsoft.AspNetCore.StaticFiles.StaticFileMiddleware[2]
      Sending file. Request path: '/js/bodyTab.js'. Physical path: 'E:\Czar.Cms-master\src\Czar.Cms.Admin\wwwroot\js\bodyTab.js'
info: Microsoft.AspNetCore.Hosting.Internal.WebHost[2]
      Request finished in 9.647ms 200 application/javascript
info: Microsoft.AspNetCore.Hosting.Internal.WebHost[1]
      Request starting HTTP/1.1 GET http://localhost:58935/layui/lay/modules/element.js  
info: Microsoft.AspNetCore.StaticFiles.StaticFileMiddleware[2]
      Sending file. Request path: '/layui/lay/modules/element.js'. Physical path: 'E:\Czar.Cms-master\src\Czar.Cms.Admin\wwwroot\layui\lay\modules\element.js'
info: Microsoft.AspNetCore.Mvc.Internal.ControllerActionInvoker[1]
      Executing action method Czar.Cms.Admin.Controllers.HomeController.Main (Czar.Cms.Admin) - Validation state: Valid
info: Microsoft.AspNetCore.Hosting.Internal.WebHost[2]
      Request finished in 23.2192ms 200 application/javascript
info: Microsoft.AspNetCore.Mvc.Internal.ControllerActionInvoker[2]
      Executed action method Czar.Cms.Admin.Controllers.HomeController.Main (Czar.Cms.Admin), returned result Microsoft.AspNetCore.Mvc.ViewResult in 4.1681ms.
info: Microsoft.AspNetCore.Mvc.ViewFeatures.ViewResultExecutor[1]
      Executing ViewResult, running view Main.
info: Microsoft.AspNetCore.Hosting.Internal.WebHost[1]
      Request starting HTTP/1.1 GET http://localhost:58935/Home/GetMenu/  
info: Microsoft.AspNetCore.Routing.EndpointMiddleware[0]
      Executing endpoint 'Czar.Cms.Admin.Controllers.HomeController.GetMenu (Czar.Cms.Admin)'
info: Microsoft.AspNetCore.Mvc.Internal.ControllerActionInvoker[1]
      Route matched with {action = "GetMenu", controller = "Home"}. Executing action Czar.Cms.Admin.Controllers.HomeController.GetMenu (Czar.Cms.Admin)
info: Microsoft.AspNetCore.Authorization.DefaultAuthorizationService[1]
      Authorization was successful.
info: Microsoft.AspNetCore.Mvc.ViewFeatures.ViewResultExecutor[4]
      Executed ViewResult - view Main executed in 38.4541ms.
info: Microsoft.AspNetCore.Mvc.Internal.ControllerActionInvoker[2]
      Executed action Czar.Cms.Admin.Controllers.HomeController.Main (Czar.Cms.Admin) in 116.8269ms
info: Microsoft.AspNetCore.Routing.EndpointMiddleware[1]
      Executed endpoint 'Czar.Cms.Admin.Controllers.HomeController.Main (Czar.Cms.Admin)'
info: Microsoft.AspNetCore.Hosting.Internal.WebHost[1]
      Request starting HTTP/1.1 GET http://localhost:58935/js/main.js  
info: Microsoft.AspNetCore.Hosting.Internal.WebHost[2]
      Request finished in 158.8967ms 200 text/html; charset=utf-8
info: Microsoft.AspNetCore.StaticFiles.StaticFileMiddleware[2]
      Sending file. Request path: '/js/main.js'. Physical path: 'E:\Czar.Cms-master\src\Czar.Cms.Admin\wwwroot\js\main.js'
info: Microsoft.AspNetCore.Hosting.Internal.WebHost[2]
      Request finished in 7.7564ms 200 application/javascript
info: Microsoft.AspNetCore.Mvc.Internal.ControllerActionInvoker[1]
      Executing action method Czar.Cms.Admin.Controllers.HomeController.GetMenu (Czar.Cms.Admin) - Validation state: Valid
info: Microsoft.AspNetCore.Mvc.Internal.ControllerActionInvoker[2]
      Executed action method Czar.Cms.Admin.Controllers.HomeController.GetMenu (Czar.Cms.Admin), returned result Microsoft.AspNetCore.Mvc.ObjectResult in 51.9551ms.
info: Microsoft.AspNetCore.Mvc.Infrastructure.ObjectResultExecutor[1]
      Executing ObjectResult, writing value of type 'System.String'.
info: Microsoft.AspNetCore.Mvc.Internal.ControllerActionInvoker[2]
      Executed action Czar.Cms.Admin.Controllers.HomeController.GetMenu (Czar.Cms.Admin) in 113.9569ms
info: Microsoft.AspNetCore.Routing.EndpointMiddleware[1]
      Executed endpoint 'Czar.Cms.Admin.Controllers.HomeController.GetMenu (Czar.Cms.Admin)'
info: Microsoft.AspNetCore.Hosting.Internal.WebHost[2]
      Request finished in 126.887ms 200 text/plain; charset=utf-8
info: Microsoft.AspNetCore.Hosting.Internal.WebHost[1]
      Request starting HTTP/1.1 GET http://localhost:58935/Manager/Index  
info: Microsoft.AspNetCore.Routing.EndpointMiddleware[0]
      Executing endpoint 'Czar.Cms.Admin.Controllers.ManagerController.Index (Czar.Cms.Admin)'
info: Microsoft.AspNetCore.Mvc.Internal.ControllerActionInvoker[1]
      Route matched with {action = "Index", controller = "Manager"}. Executing action Czar.Cms.Admin.Controllers.ManagerController.Index (Czar.Cms.Admin)
info: Microsoft.AspNetCore.Authorization.DefaultAuthorizationService[1]
      Authorization was successful.
info: Microsoft.AspNetCore.Mvc.Internal.ControllerActionInvoker[1]
      Executing action method Czar.Cms.Admin.Controllers.ManagerController.Index (Czar.Cms.Admin) - Validation state: Valid
info: Microsoft.AspNetCore.Mvc.Internal.ControllerActionInvoker[2]
      Executed action method Czar.Cms.Admin.Controllers.ManagerController.Index (Czar.Cms.Admin), returned result Microsoft.AspNetCore.Mvc.ViewResult in 0.0635ms.
info: Microsoft.AspNetCore.Mvc.ViewFeatures.ViewResultExecutor[1]
      Executing ViewResult, running view Index.
info: Microsoft.AspNetCore.Mvc.ViewFeatures.ViewResultExecutor[4]
      Executed ViewResult - view Index executed in 15.8191ms.
info: Microsoft.AspNetCore.Mvc.Internal.ControllerActionInvoker[2]
      Executed action Czar.Cms.Admin.Controllers.ManagerController.Index (Czar.Cms.Admin) in 250.5996ms
info: Microsoft.AspNetCore.Routing.EndpointMiddleware[1]
      Executed endpoint 'Czar.Cms.Admin.Controllers.ManagerController.Index (Czar.Cms.Admin)'
info: Microsoft.AspNetCore.Hosting.Internal.WebHost[1]
      Request starting HTTP/1.1 GET http://localhost:58935/js/manager/managerList.js?_=20190821161527  
info: Microsoft.AspNetCore.Hosting.Internal.WebHost[2]
      Request finished in 261.5331ms 200 text/html; charset=utf-8
info: Microsoft.AspNetCore.StaticFiles.StaticFileMiddleware[2]
      Sending file. Request path: '/js/manager/managerList.js'. Physical path: 'E:\Czar.Cms-master\src\Czar.Cms.Admin\wwwroot\js\manager\managerList.js'
info: Microsoft.AspNetCore.Hosting.Internal.WebHost[2]
      Request finished in 8.2795ms 200 application/javascript
info: Microsoft.AspNetCore.Hosting.Internal.WebHost[1]
      Request starting HTTP/1.1 GET http://localhost:58935/layui/lay/modules/table.js  
info: Microsoft.AspNetCore.StaticFiles.StaticFileMiddleware[2]
      Sending file. Request path: '/layui/lay/modules/table.js'. Physical path: 'E:\Czar.Cms-master\src\Czar.Cms.Admin\wwwroot\layui\lay\modules\table.js'
info: Microsoft.AspNetCore.Hosting.Internal.WebHost[2]
      Request finished in 5.5166ms 200 application/javascript
info: Microsoft.AspNetCore.Hosting.Internal.WebHost[1]
      Request starting HTTP/1.1 GET http://localhost:58935/layui/lay/modules/laytpl.js  
info: Microsoft.AspNetCore.StaticFiles.StaticFileMiddleware[2]
      Sending file. Request path: '/layui/lay/modules/laytpl.js'. Physical path: 'E:\Czar.Cms-master\src\Czar.Cms.Admin\wwwroot\layui\lay\modules\laytpl.js'
info: Microsoft.AspNetCore.Hosting.Internal.WebHost[2]
      Request finished in 5.1878ms 200 application/javascript
info: Microsoft.AspNetCore.Hosting.Internal.WebHost[1]
      Request starting HTTP/1.1 GET http://localhost:58935/layui/lay/modules/laypage.js  
info: Microsoft.AspNetCore.StaticFiles.StaticFileMiddleware[2]
      Sending file. Request path: '/layui/lay/modules/laypage.js'. Physical path: 'E:\Czar.Cms-master\src\Czar.Cms.Admin\wwwroot\layui\lay\modules\laypage.js'
info: Microsoft.AspNetCore.Hosting.Internal.WebHost[2]
      Request finished in 4.4848ms 200 application/javascript
info: Microsoft.AspNetCore.Hosting.Internal.WebHost[1]
      Request starting HTTP/1.1 GET http://localhost:58935/Manager/LoadData/?page=1&limit=10  
info: Microsoft.AspNetCore.Routing.EndpointMiddleware[0]
      Executing endpoint 'Czar.Cms.Admin.Controllers.ManagerController.LoadData (Czar.Cms.Admin)'
info: Microsoft.AspNetCore.Mvc.Internal.ControllerActionInvoker[1]
      Route matched with {action = "LoadData", controller = "Manager"}. Executing action Czar.Cms.Admin.Controllers.ManagerController.LoadData (Czar.Cms.Admin)
info: Microsoft.AspNetCore.Authorization.DefaultAuthorizationService[1]
      Authorization was successful.
info: Microsoft.AspNetCore.Mvc.Internal.ControllerActionInvoker[1]
      Executing action method Czar.Cms.Admin.Controllers.ManagerController.LoadData (Czar.Cms.Admin) with arguments (Czar.Cms.ViewModels.ManagerRequestModel) - Validation state: Valid
info: Microsoft.AspNetCore.Mvc.Internal.ControllerActionInvoker[2]
      Executed action method Czar.Cms.Admin.Controllers.ManagerController.LoadData (Czar.Cms.Admin), returned result Microsoft.AspNetCore.Mvc.ObjectResult in 225.1383ms.
info: Microsoft.AspNetCore.Mvc.Infrastructure.ObjectResultExecutor[1]
      Executing ObjectResult, writing value of type 'System.String'.
info: Microsoft.AspNetCore.Mvc.Internal.ControllerActionInvoker[2]
      Executed action Czar.Cms.Admin.Controllers.ManagerController.LoadData (Czar.Cms.Admin) in 423.0369ms
info: Microsoft.AspNetCore.Routing.EndpointMiddleware[1]
      Executed endpoint 'Czar.Cms.Admin.Controllers.ManagerController.LoadData (Czar.Cms.Admin)'
info: Microsoft.AspNetCore.Hosting.Internal.WebHost[2]
      Request finished in 436.7866ms 200 text/plain; charset=utf-8
info: Microsoft.AspNetCore.Hosting.Internal.WebHost[1]
      Request starting HTTP/1.1 GET http://localhost:58935/layui/css/modules/layer/default/icon.png  
info: Microsoft.AspNetCore.StaticFiles.StaticFileMiddleware[2]
      Sending file. Request path: '/layui/css/modules/layer/default/icon.png'. Physical path: 'E:\Czar.Cms-master\src\Czar.Cms.Admin\wwwroot\layui\css\modules\layer\default\icon.png'
info: Microsoft.AspNetCore.Hosting.Internal.WebHost[2]
      Request finished in 5.7708ms 200 image/png
info: Microsoft.AspNetCore.Hosting.Internal.WebHost[1]
      Request starting HTTP/1.1 POST http://localhost:58935/Manager/Delete/ application/x-www-form-urlencoded; charset=UTF-8 11
info: Microsoft.AspNetCore.Routing.EndpointMiddleware[0]
      Executing endpoint 'Czar.Cms.Admin.Controllers.ManagerController.Delete (Czar.Cms.Admin)'
info: Microsoft.AspNetCore.Mvc.Internal.ControllerActionInvoker[1]
      Route matched with {action = "Delete", controller = "Manager"}. Executing action Czar.Cms.Admin.Controllers.ManagerController.Delete (Czar.Cms.Admin)
info: Microsoft.AspNetCore.Authorization.DefaultAuthorizationService[1]
      Authorization was successful.
info: Microsoft.AspNetCore.Mvc.Internal.ControllerActionInvoker[1]
      Executing action method Czar.Cms.Admin.Controllers.ManagerController.Delete (Czar.Cms.Admin) with arguments (System.Int32[]) - Validation state: Valid
info: Microsoft.AspNetCore.Mvc.Internal.ControllerActionInvoker[2]
      Executed action method Czar.Cms.Admin.Controllers.ManagerController.Delete (Czar.Cms.Admin), returned result Microsoft.AspNetCore.Mvc.ObjectResult in 12.9831ms.
info: Microsoft.AspNetCore.Mvc.Infrastructure.ObjectResultExecutor[1]
      Executing ObjectResult, writing value of type 'System.String'.
info: Microsoft.AspNetCore.Mvc.Internal.ControllerActionInvoker[2]
      Executed action Czar.Cms.Admin.Controllers.ManagerController.Delete (Czar.Cms.Admin) in 224.0024ms
info: Microsoft.AspNetCore.Routing.EndpointMiddleware[1]
      Executed endpoint 'Czar.Cms.Admin.Controllers.ManagerController.Delete (Czar.Cms.Admin)'
info: Microsoft.AspNetCore.Hosting.Internal.WebHost[2]
      Request finished in 236.5659ms 200 text/plain; charset=utf-8
info: Microsoft.AspNetCore.Hosting.Internal.WebHost[1]
      Request starting HTTP/1.1 GET http://localhost:58935/Manager/LoadData/?page=1&limit=10  
info: Microsoft.AspNetCore.Routing.EndpointMiddleware[0]
      Executing endpoint 'Czar.Cms.Admin.Controllers.ManagerController.LoadData (Czar.Cms.Admin)'
info: Microsoft.AspNetCore.Mvc.Internal.ControllerActionInvoker[1]
      Route matched with {action = "LoadData", controller = "Manager"}. Executing action Czar.Cms.Admin.Controllers.ManagerController.LoadData (Czar.Cms.Admin)
info: Microsoft.AspNetCore.Authorization.DefaultAuthorizationService[1]
      Authorization was successful.
info: Microsoft.AspNetCore.Mvc.Internal.ControllerActionInvoker[1]
      Executing action method Czar.Cms.Admin.Controllers.ManagerController.LoadData (Czar.Cms.Admin) with arguments (Czar.Cms.ViewModels.ManagerRequestModel) - Validation state: Valid
info: Microsoft.AspNetCore.Mvc.Internal.ControllerActionInvoker[2]
      Executed action method Czar.Cms.Admin.Controllers.ManagerController.LoadData (Czar.Cms.Admin), returned result Microsoft.AspNetCore.Mvc.ObjectResult in 168.7932ms.
info: Microsoft.AspNetCore.Mvc.Infrastructure.ObjectResultExecutor[1]
      Executing ObjectResult, writing value of type 'System.String'.
info: Microsoft.AspNetCore.Mvc.Internal.ControllerActionInvoker[2]
      Executed action Czar.Cms.Admin.Controllers.ManagerController.LoadData (Czar.Cms.Admin) in 355.0129ms
info: Microsoft.AspNetCore.Routing.EndpointMiddleware[1]
      Executed endpoint 'Czar.Cms.Admin.Controllers.ManagerController.LoadData (Czar.Cms.Admin)'
info: Microsoft.AspNetCore.Hosting.Internal.WebHost[2]
      Request finished in 364.7546ms 200 text/plain; charset=utf-8
info: Microsoft.AspNetCore.Hosting.Internal.WebHost[1]
      Request starting HTTP/1.1 POST http://localhost:58935/Account/SignIn/ application/x-www-form-urlencoded; charset=UTF-8 209
info: Microsoft.AspNetCore.Routing.EndpointMiddleware[0]
      Executing endpoint 'Czar.Cms.Admin.Controllers.AccountController.SignInAsync (Czar.Cms.Admin)'
info: Microsoft.AspNetCore.Mvc.Internal.ControllerActionInvoker[1]
      Route matched with {action = "SignInAsync", controller = "Account"}. Executing action Czar.Cms.Admin.Controllers.AccountController.SignInAsync (Czar.Cms.Admin)
info: Microsoft.AspNetCore.Mvc.Internal.ControllerActionInvoker[1]
      Executing action method Czar.Cms.Admin.Controllers.AccountController.SignInAsync (Czar.Cms.Admin) with arguments (Czar.Cms.ViewModels.LoginModel) - Validation state: Valid
info: Microsoft.AspNetCore.Authentication.Cookies.CookieAuthenticationHandler[10]
      AuthenticationScheme: Cookies signed in.
info: Microsoft.AspNetCore.Mvc.Internal.ControllerActionInvoker[2]
      Executed action method Czar.Cms.Admin.Controllers.AccountController.SignInAsync (Czar.Cms.Admin), returned result Microsoft.AspNetCore.Mvc.ObjectResult in 120.2816ms.
info: Microsoft.AspNetCore.Mvc.Infrastructure.ObjectResultExecutor[1]
      Executing ObjectResult, writing value of type 'System.String'.
info: Microsoft.AspNetCore.Mvc.Internal.ControllerActionInvoker[2]
      Executed action Czar.Cms.Admin.Controllers.AccountController.SignInAsync (Czar.Cms.Admin) in 277.8816ms
info: Microsoft.AspNetCore.Routing.EndpointMiddleware[1]
      Executed endpoint 'Czar.Cms.Admin.Controllers.AccountController.SignInAsync (Czar.Cms.Admin)'
info: Microsoft.AspNetCore.Session.DistributedSession[3]
      Session started; Key:ac2cf102-fb91-6656-da8b-927b66bef14e, Id:12c0400c-f1cb-46e7-ef31-c412d4105aad
info: Microsoft.AspNetCore.Hosting.Internal.WebHost[2]
      Request finished in 287.7082ms 200 text/plain; charset=utf-8
info: Microsoft.AspNetCore.Hosting.Internal.WebHost[1]
      Request starting HTTP/1.1 GET http://localhost:58935/  
info: Microsoft.AspNetCore.Routing.EndpointMiddleware[0]
      Executing endpoint 'Czar.Cms.Admin.Controllers.HomeController.Index (Czar.Cms.Admin)'
info: Microsoft.AspNetCore.Mvc.Internal.ControllerActionInvoker[1]
      Route matched with {action = "Index", controller = "Home"}. Executing action Czar.Cms.Admin.Controllers.HomeController.Index (Czar.Cms.Admin)
info: Microsoft.AspNetCore.Authorization.DefaultAuthorizationService[1]
      Authorization was successful.
info: Microsoft.AspNetCore.Mvc.Internal.ControllerActionInvoker[1]
      Executing action method Czar.Cms.Admin.Controllers.HomeController.Index (Czar.Cms.Admin) - Validation state: Valid
info: Microsoft.AspNetCore.Mvc.Internal.ControllerActionInvoker[2]
      Executed action method Czar.Cms.Admin.Controllers.HomeController.Index (Czar.Cms.Admin), returned result Microsoft.AspNetCore.Mvc.ViewResult in 0.1213ms.
info: Microsoft.AspNetCore.Mvc.ViewFeatures.ViewResultExecutor[1]
      Executing ViewResult, running view Index.
info: Microsoft.AspNetCore.Mvc.ViewFeatures.ViewResultExecutor[4]
      Executed ViewResult - view Index executed in 2.1339ms.
info: Microsoft.AspNetCore.Mvc.Internal.ControllerActionInvoker[2]
      Executed action Czar.Cms.Admin.Controllers.HomeController.Index (Czar.Cms.Admin) in 63.348ms
info: Microsoft.AspNetCore.Routing.EndpointMiddleware[1]
      Executed endpoint 'Czar.Cms.Admin.Controllers.HomeController.Index (Czar.Cms.Admin)'
info: Microsoft.AspNetCore.Hosting.Internal.WebHost[2]
      Request finished in 74.7626ms 200 text/html; charset=utf-8
info: Microsoft.AspNetCore.Hosting.Internal.WebHost[1]
      Request starting HTTP/1.1 GET http://localhost:58935/js/index.js?_=20190821161541  
info: Microsoft.AspNetCore.Hosting.Internal.WebHost[1]
      Request starting HTTP/1.1 GET http://localhost:58935/upload/20190312/201903122159059093173.jpg  
info: Microsoft.AspNetCore.StaticFiles.StaticFileMiddleware[2]
      Sending file. Request path: '/js/index.js'. Physical path: 'E:\Czar.Cms-master\src\Czar.Cms.Admin\wwwroot\js\index.js'
info: Microsoft.AspNetCore.Hosting.Internal.WebHost[1]
      Request starting HTTP/1.1 GET http://localhost:58935/js/cache.js?_=20190821161541  
info: Microsoft.AspNetCore.Hosting.Internal.WebHost[2]
      Request finished in 10.394ms 200 application/javascript
info: Microsoft.AspNetCore.Hosting.Internal.WebHost[1]
      Request starting HTTP/1.1 GET http://localhost:58935/Home/Main/  
info: Microsoft.AspNetCore.Hosting.Internal.WebHost[2]
      Request finished in 12.6359ms 404 
info: Microsoft.AspNetCore.StaticFiles.StaticFileMiddleware[2]
      Sending file. Request path: '/js/cache.js'. Physical path: 'E:\Czar.Cms-master\src\Czar.Cms.Admin\wwwroot\js\cache.js'
info: Microsoft.AspNetCore.Hosting.Internal.WebHost[2]
      Request finished in 16.0236ms 200 application/javascript
info: Microsoft.AspNetCore.Routing.EndpointMiddleware[0]
      Executing endpoint 'Czar.Cms.Admin.Controllers.HomeController.Main (Czar.Cms.Admin)'
info: Microsoft.AspNetCore.Mvc.Internal.ControllerActionInvoker[1]
      Route matched with {action = "Main", controller = "Home"}. Executing action Czar.Cms.Admin.Controllers.HomeController.Main (Czar.Cms.Admin)
info: Microsoft.AspNetCore.Authorization.DefaultAuthorizationService[1]
      Authorization was successful.
info: Microsoft.AspNetCore.Hosting.Internal.WebHost[1]
      Request starting HTTP/1.1 GET http://localhost:58935/Home/GetMenu/  
info: Microsoft.AspNetCore.Routing.EndpointMiddleware[0]
      Executing endpoint 'Czar.Cms.Admin.Controllers.HomeController.GetMenu (Czar.Cms.Admin)'
info: Microsoft.AspNetCore.Mvc.Internal.ControllerActionInvoker[1]
      Route matched with {action = "GetMenu", controller = "Home"}. Executing action Czar.Cms.Admin.Controllers.HomeController.GetMenu (Czar.Cms.Admin)
info: Microsoft.AspNetCore.Authorization.DefaultAuthorizationService[1]
      Authorization was successful.
info: Microsoft.AspNetCore.Mvc.Internal.ControllerActionInvoker[1]
      Executing action method Czar.Cms.Admin.Controllers.HomeController.Main (Czar.Cms.Admin) - Validation state: Valid
info: Microsoft.AspNetCore.Mvc.Internal.ControllerActionInvoker[2]
      Executed action method Czar.Cms.Admin.Controllers.HomeController.Main (Czar.Cms.Admin), returned result Microsoft.AspNetCore.Mvc.ViewResult in 0.0519ms.
info: Microsoft.AspNetCore.Mvc.ViewFeatures.ViewResultExecutor[1]
      Executing ViewResult, running view Main.
info: Microsoft.AspNetCore.Mvc.ViewFeatures.ViewResultExecutor[4]
      Executed ViewResult - view Main executed in 1.6595ms.
info: Microsoft.AspNetCore.Mvc.Internal.ControllerActionInvoker[2]
      Executed action Czar.Cms.Admin.Controllers.HomeController.Main (Czar.Cms.Admin) in 72.2035ms
info: Microsoft.AspNetCore.Routing.EndpointMiddleware[1]
      Executed endpoint 'Czar.Cms.Admin.Controllers.HomeController.Main (Czar.Cms.Admin)'
info: Microsoft.AspNetCore.Hosting.Internal.WebHost[2]
      Request finished in 92.7969ms 200 text/html; charset=utf-8
info: Microsoft.AspNetCore.Mvc.Internal.ControllerActionInvoker[1]
      Executing action method Czar.Cms.Admin.Controllers.HomeController.GetMenu (Czar.Cms.Admin) - Validation state: Valid
info: Microsoft.AspNetCore.Mvc.Internal.ControllerActionInvoker[2]
      Executed action method Czar.Cms.Admin.Controllers.HomeController.GetMenu (Czar.Cms.Admin), returned result Microsoft.AspNetCore.Mvc.ObjectResult in 26.1973ms.
info: Microsoft.AspNetCore.Mvc.Infrastructure.ObjectResultExecutor[1]
      Executing ObjectResult, writing value of type 'System.String'.
info: Microsoft.AspNetCore.Mvc.Internal.ControllerActionInvoker[2]
      Executed action Czar.Cms.Admin.Controllers.HomeController.GetMenu (Czar.Cms.Admin) in 105.3661ms
info: Microsoft.AspNetCore.Routing.EndpointMiddleware[1]
      Executed endpoint 'Czar.Cms.Admin.Controllers.HomeController.GetMenu (Czar.Cms.Admin)'
info: Microsoft.AspNetCore.Hosting.Internal.WebHost[2]
      Request finished in 119.1715ms 200 text/plain; charset=utf-8
info: Microsoft.AspNetCore.Hosting.Internal.WebHost[1]
      Request starting HTTP/1.1 GET http://localhost:58935/  
info: Microsoft.AspNetCore.Routing.EndpointMiddleware[0]
      Executing endpoint 'Czar.Cms.Admin.Controllers.HomeController.Index (Czar.Cms.Admin)'
info: Microsoft.AspNetCore.Mvc.Internal.ControllerActionInvoker[1]
      Route matched with {action = "Index", controller = "Home"}. Executing action Czar.Cms.Admin.Controllers.HomeController.Index (Czar.Cms.Admin)
info: Microsoft.AspNetCore.Authorization.DefaultAuthorizationService[1]
      Authorization was successful.
info: Microsoft.AspNetCore.Mvc.Internal.ControllerActionInvoker[1]
      Executing action method Czar.Cms.Admin.Controllers.HomeController.Index (Czar.Cms.Admin) - Validation state: Valid
info: Microsoft.AspNetCore.Mvc.Internal.ControllerActionInvoker[2]
      Executed action method Czar.Cms.Admin.Controllers.HomeController.Index (Czar.Cms.Admin), returned result Microsoft.AspNetCore.Mvc.ViewResult in 0.1127ms.
info: Microsoft.AspNetCore.Mvc.ViewFeatures.ViewResultExecutor[1]
      Executing ViewResult, running view Index.
info: Microsoft.AspNetCore.Mvc.ViewFeatures.ViewResultExecutor[4]
      Executed ViewResult - view Index executed in 19.7382ms.
info: Microsoft.AspNetCore.Mvc.Internal.ControllerActionInvoker[2]
      Executed action Czar.Cms.Admin.Controllers.HomeController.Index (Czar.Cms.Admin) in 75.8085ms
info: Microsoft.AspNetCore.Routing.EndpointMiddleware[1]
      Executed endpoint 'Czar.Cms.Admin.Controllers.HomeController.Index (Czar.Cms.Admin)'
info: Microsoft.AspNetCore.Hosting.Internal.WebHost[2]
      Request finished in 92.5516ms 200 text/html; charset=utf-8
info: Microsoft.AspNetCore.Hosting.Internal.WebHost[1]
      Request starting HTTP/1.1 GET http://localhost:58935/js/index.js?_=20190821161746  
info: Microsoft.AspNetCore.Hosting.Internal.WebHost[1]
      Request starting HTTP/1.1 GET http://localhost:58935/upload/20190312/201903122159059093173.jpg  
info: Microsoft.AspNetCore.Hosting.Internal.WebHost[1]
      Request starting HTTP/1.1 GET http://localhost:58935/js/cache.js?_=20190821161746  
info: Microsoft.AspNetCore.Hosting.Internal.WebHost[1]
      Request starting HTTP/1.1 GET http://localhost:58935/Home/Main/  
info: Microsoft.AspNetCore.StaticFiles.StaticFileMiddleware[2]
      Sending file. Request path: '/js/index.js'. Physical path: 'E:\Czar.Cms-master\src\Czar.Cms.Admin\wwwroot\js\index.js'
info: Microsoft.AspNetCore.Routing.EndpointMiddleware[0]
      Executing endpoint 'Czar.Cms.Admin.Controllers.HomeController.Main (Czar.Cms.Admin)'
info: Microsoft.AspNetCore.Hosting.Internal.WebHost[2]
      Request finished in 50.1793ms 404 
info: Microsoft.AspNetCore.Hosting.Internal.WebHost[2]
      Request finished in 53.3314ms 200 application/javascript
info: Microsoft.AspNetCore.Mvc.Internal.ControllerActionInvoker[1]
      Route matched with {action = "Main", controller = "Home"}. Executing action Czar.Cms.Admin.Controllers.HomeController.Main (Czar.Cms.Admin)
info: Microsoft.AspNetCore.StaticFiles.StaticFileMiddleware[2]
      Sending file. Request path: '/js/cache.js'. Physical path: 'E:\Czar.Cms-master\src\Czar.Cms.Admin\wwwroot\js\cache.js'
info: Microsoft.AspNetCore.Authorization.DefaultAuthorizationService[1]
      Authorization was successful.
info: Microsoft.AspNetCore.Hosting.Internal.WebHost[2]
      Request finished in 48.7145ms 200 application/javascript
info: Microsoft.AspNetCore.Hosting.Internal.WebHost[1]
      Request starting HTTP/1.1 GET http://localhost:58935/Home/GetMenu/  
info: Microsoft.AspNetCore.Routing.EndpointMiddleware[0]
      Executing endpoint 'Czar.Cms.Admin.Controllers.HomeController.GetMenu (Czar.Cms.Admin)'
info: Microsoft.AspNetCore.Mvc.Internal.ControllerActionInvoker[1]
      Route matched with {action = "GetMenu", controller = "Home"}. Executing action Czar.Cms.Admin.Controllers.HomeController.GetMenu (Czar.Cms.Admin)
info: Microsoft.AspNetCore.Authorization.DefaultAuthorizationService[1]
      Authorization was successful.
info: Microsoft.AspNetCore.Mvc.Internal.ControllerActionInvoker[1]
      Executing action method Czar.Cms.Admin.Controllers.HomeController.Main (Czar.Cms.Admin) - Validation state: Valid
info: Microsoft.AspNetCore.Mvc.Internal.ControllerActionInvoker[2]
      Executed action method Czar.Cms.Admin.Controllers.HomeController.Main (Czar.Cms.Admin), returned result Microsoft.AspNetCore.Mvc.ViewResult in 0.0395ms.
info: Microsoft.AspNetCore.Mvc.ViewFeatures.ViewResultExecutor[1]
      Executing ViewResult, running view Main.
info: Microsoft.AspNetCore.Mvc.ViewFeatures.ViewResultExecutor[4]
      Executed ViewResult - view Main executed in 2.9125ms.
info: Microsoft.AspNetCore.Mvc.Internal.ControllerActionInvoker[2]
      Executed action Czar.Cms.Admin.Controllers.HomeController.Main (Czar.Cms.Admin) in 85.1074ms
info: Microsoft.AspNetCore.Routing.EndpointMiddleware[1]
      Executed endpoint 'Czar.Cms.Admin.Controllers.HomeController.Main (Czar.Cms.Admin)'
info: Microsoft.AspNetCore.Hosting.Internal.WebHost[2]
      Request finished in 136.7371ms 200 text/html; charset=utf-8
info: Microsoft.AspNetCore.Mvc.Internal.ControllerActionInvoker[1]
      Executing action method Czar.Cms.Admin.Controllers.HomeController.GetMenu (Czar.Cms.Admin) - Validation state: Valid
info: Microsoft.AspNetCore.Mvc.Internal.ControllerActionInvoker[2]
      Executed action method Czar.Cms.Admin.Controllers.HomeController.GetMenu (Czar.Cms.Admin), returned result Microsoft.AspNetCore.Mvc.ObjectResult in 23.3596ms.
info: Microsoft.AspNetCore.Mvc.Infrastructure.ObjectResultExecutor[1]
      Executing ObjectResult, writing value of type 'System.String'.
info: Microsoft.AspNetCore.Mvc.Internal.ControllerActionInvoker[2]
      Executed action Czar.Cms.Admin.Controllers.HomeController.GetMenu (Czar.Cms.Admin) in 119.9663ms
info: Microsoft.AspNetCore.Routing.EndpointMiddleware[1]
      Executed endpoint 'Czar.Cms.Admin.Controllers.HomeController.GetMenu (Czar.Cms.Admin)'
info: Microsoft.AspNetCore.Hosting.Internal.WebHost[2]
      Request finished in 131.9994ms 200 text/plain; charset=utf-8
